{"meta": {"format": 3, "version": "7.13.1", "timestamp": "2026-01-20T13:50:30.196018", "branch_coverage": true, "show_contexts": false}, "files": {"app.py": {"executed_lines": [], "summary": {"covered_lines": 0, "num_statements": 77, "percent_covered": 0.0, "percent_covered_display": "0", "missing_lines": 77, "excluded_lines": 0, "percent_statements_covered": 0.0, "percent_statements_covered_display": "0", "num_branches": 20, "num_partial_branches": 0, "covered_branches": 0, "missing_branches": 20, "percent_branches_covered": 0.0, "percent_branches_covered_display": "0"}, "missing_lines": [1, 2, 3, 4, 5, 6, 9, 10, 13, 14, 17, 36, 37, 39, 42, 43, 47, 48, 51, 52, 53, 54, 57, 58, 66, 67, 70, 71, 72, 75, 76, 78, 82, 83, 84, 87, 88, 89, 90, 91, 92, 93, 94, 95, 96, 97, 98, 101, 102, 103, 104, 105, 106, 107, 109, 110, 113, 114, 116, 118, 119, 120, 121, 122, 123, 124, 125, 126, 128, 129, 131, 132, 133, 135, 137, 138, 139], "excluded_lines": [], "executed_branches": [], "missing_branches": [[57, -47], [57, 58], [70, 71], [70, 78], [75, 76], [75, 78], [83, 84], [83, 87], [90, -87], [90, 91], [106, 107], [106, 109], [121, 122], [121, 128], [128, 129], [128, 131], [132, 133], [132, 135], [137, -1], [137, 138]], "functions": {"before_request": {"executed_lines": [], "summary": {"covered_lines": 0, "num_statements": 6, "percent_covered": 0.0, "percent_covered_display": "0", "missing_lines": 6, "excluded_lines": 0, "percent_statements_covered": 0.0, "percent_statements_covered_display": "0", "num_branches": 2, "num_partial_branches": 0, "covered_branches": 0, "missing_branches": 2, "percent_branches_covered": 0.0, "percent_branches_covered_display": "0"}, "missing_lines": [51, 52, 53, 54, 57, 58], "excluded_lines": [], "start_line": 48, "executed_branches": [], "missing_branches": [[57, -47], [57, 58]]}, "after_request": {"executed_lines": [], "summary": {"covered_lines": 0, "num_statements": 6, "percent_covered": 0.0, "percent_covered_display": "0", "missing_lines": 6, "excluded_lines": 0, "percent_statements_covered": 0.0, "percent_statements_covered_display": "0", "num_branches": 4, "num_partial_branches": 0, "covered_branches": 0, "missing_branches": 4, "percent_branches_covered": 0.0, "percent_branches_covered_display": "0"}, "missing_lines": [70, 71, 72, 75, 76, 78], "excluded_lines": [], "start_line": 67, "executed_branches": [], "missing_branches": [[70, 71], [70, 78], [75, 76], [75, 78]]}, "build_frontend": {"executed_lines": [], "summary": {"covered_lines": 0, "num_statements": 11, "percent_covered": 0.0, "percent_covered_display": "0", "missing_lines": 11, "excluded_lines": 0, "percent_statements_covered": 0.0, "percent_statements_covered_display": "0", "num_branches": 2, "num_partial_branches": 0, "covered_branches": 0, "missing_branches": 2, "percent_branches_covered": 0.0, "percent_branches_covered_display": "0"}, "missing_lines": [88, 89, 90, 91, 92, 93, 94, 95, 96, 97, 98], "excluded_lines": [], "start_line": 87, "executed_branches": [], "missing_branches": [[90, -87], [90, 91]]}, "serve_index": {"executed_lines": [], "summary": {"covered_lines": 0, "num_statements": 7, "percent_covered": 0.0, "percent_covered_display": "0", "missing_lines": 7, "excluded_lines": 0, "percent_statements_covered": 0.0, "percent_statements_covered_display": "0", "num_branches": 2, "num_partial_branches": 0, "covered_branches": 0, "missing_branches": 2, "percent_branches_covered": 0.0, "percent_branches_covered_display": "0"}, "missing_lines": [103, 104, 105, 106, 107, 109, 110], "excluded_lines": [], "start_line": 102, "executed_branches": [], "missing_branches": [[106, 107], [106, 109]]}, "catch_all": {"executed_lines": [], "summary": {"covered_lines": 0, "num_statements": 16, "percent_covered": 0.0, "percent_covered_display": "0", "missing_lines": 16, "excluded_lines": 0, "percent_statements_covered": 0.0, "percent_statements_covered_display": "0", "num_branches": 6, "num_partial_branches": 0, "covered_branches": 0, "missing_branches": 6, "percent_branches_covered": 0.0, "percent_branches_covered_display": "0"}, "missing_lines": [116, 118, 119, 120, 121, 122, 123, 124, 125, 126, 128, 129, 131, 132, 133, 135], "excluded_lines": [], "start_line": 114, "executed_branches": [], "missing_branches": [[121, 122], [121, 128], [128, 129], [128, 131], [132, 133], [132, 135]]}, "": {"executed_lines": [], "summary": {"covered_lines": 0, "num_statements": 31, "percent_covered": 0.0, "percent_covered_display": "0", "missing_lines": 31, "excluded_lines": 0, "percent_statements_covered": 0.0, "percent_statements_covered_display": "0", "num_branches": 4, "num_partial_branches": 0, "covered_branches": 0, "missing_branches": 4, "percent_branches_covered": 0.0, "percent_branches_covered_display": "0"}, "missing_lines": [1, 2, 3, 4, 5, 6, 9, 10, 13, 14, 17, 36, 37, 39, 42, 43, 47, 48, 66, 67, 82, 83, 84, 87, 101, 102, 113, 114, 137, 138, 139], "excluded_lines": [], "start_line": 1, "executed_branches": [], "missing_branches": [[83, 84], [83, 87], [137, -1], [137, 138]]}}, "classes": {"": {"executed_lines": [], "summary": {"covered_lines": 0, "num_statements": 77, "percent_covered": 0.0, "percent_covered_display": "0", "missing_lines": 77, "excluded_lines": 0, "percent_statements_covered": 0.0, "percent_statements_covered_display": "0", "num_branches": 20, "num_partial_branches": 0, "covered_branches": 0, "missing_branches": 20, "percent_branches_covered": 0.0, "percent_branches_covered_display": "0"}, "missing_lines": [1, 2, 3, 4, 5, 6, 9, 10, 13, 14, 17, 36, 37, 39, 42, 43, 47, 48, 51, 52, 53, 54, 57, 58, 66, 67, 70, 71, 72, 75, 76, 78, 82, 83, 84, 87, 88, 89, 90, 91, 92, 93, 94, 95, 96, 97, 98, 101, 102, 103, 104, 105, 106, 107, 109, 110, 113, 114, 116, 118, 119, 120, 121, 122, 123, 124, 125, 126, 128, 129, 131, 132, 133, 135, 137, 138, 139], "excluded_lines": [], "start_line": 1, "executed_branches": [], "missing_branches": [[57, -47], [57, 58], [70, 71], [70, 78], [75, 76], [75, 78], [83, 84], [83, 87], [90, -87], [90, 91], [106, 107], [106, 109], [121, 122], [121, 128], [128, 129], [128, 131], [132, 133], [132, 135], [137, -1], [137, 138]]}}}, "config.py": {"executed_lines": [2, 3, 6, 15, 18, 19, 20, 23, 24, 25, 28, 31, 32, 33, 34, 35, 38, 39, 40, 43, 44, 47, 48, 49, 52, 55, 56, 60, 111, 112, 115, 132, 133, 141, 144, 148, 150, 152, 156, 160, 163, 166, 170, 174, 178, 179, 184, 185, 186, 187, 188, 189, 190, 191, 192, 193, 194, 195, 196, 197, 198, 199, 200, 201, 202, 203, 204, 205, 206, 207, 208, 209, 210, 211, 214, 215], "summary": {"covered_lines": 76, "num_statements": 90, "percent_covered": 78.44827586206897, "percent_covered_display": "78", "missing_lines": 14, "excluded_lines": 0, "percent_statements_covered": 84.44444444444444, "percent_statements_covered_display": "84", "num_branches": 26, "num_partial_branches": 11, "covered_branches": 15, "missing_branches": 11, "percent_branches_covered": 57.69230769230769, "percent_branches_covered_display": "58"}, "missing_lines": [142, 145, 151, 153, 157, 161, 164, 167, 171, 175, 180, 216, 217, 218], "excluded_lines": [], "executed_branches": [[141, 144], [144, 148], [148, 150], [148, 156], [150, 152], [152, 148], [156, 160], [160, 163], [163, 166], [166, 170], [170, 174], [174, 178], [178, -132], [178, 179], [179, 178]], "missing_branches": [[141, 142], [144, 145], [150, 151], [152, 153], [156, 157], [160, 161], [163, 164], [166, 167], [170, 171], [174, 175], [179, 180]], "functions": {"Config.validate": {"executed_lines": [141, 144, 148, 150, 152, 156, 160, 163, 166, 170, 174, 178, 179], "summary": {"covered_lines": 13, "num_statements": 24, "percent_covered": 56.0, "percent_covered_display": "56", "missing_lines": 11, "excluded_lines": 0, "percent_statements_covered": 54.166666666666664, "percent_statements_covered_display": "54", "num_branches": 26, "num_partial_branches": 11, "covered_branches": 15, "missing_branches": 11, "percent_branches_covered": 57.69230769230769, "percent_branches_covered_display": "58"}, "missing_lines": [142, 145, 151, 153, 157, 161, 164, 167, 171, 175, 180], "excluded_lines": [], "start_line": 133, "executed_branches": [[141, 144], [144, 148], [148, 150], [148, 156], [150, 152], [152, 148], [156, 160], [160, 163], [163, 166], [166, 170], [170, 174], [174, 178], [178, -132], [178, 179], [179, 178]], "missing_branches": [[141, 142], [144, 145], [150, 151], [152, 153], [156, 157], [160, 161], [163, 164], [166, 167], [170, 171], [174, 175], [179, 180]]}, "": {"executed_lines": [2, 3, 6, 15, 18, 19, 20, 23, 24, 25, 28, 31, 32, 33, 34, 35, 38, 39, 40, 43, 44, 47, 48, 49, 52, 55, 56, 60, 111, 112, 115, 132, 133, 184, 185, 186, 187, 188, 189, 190, 191, 192, 193, 194, 195, 196, 197, 198, 199, 200, 201, 202, 203, 204, 205, 206, 207, 208, 209, 210, 211, 214, 215], "summary": {"covered_lines": 63, "num_statements": 66, "percent_covered": 95.45454545454545, "percent_covered_display": "95", "missing_lines": 3, "excluded_lines": 0, "percent_statements_covered": 95.45454545454545, "percent_statements_covered_display": "95", "num_branches": 0, "num_partial_branches": 0, "covered_branches": 0, "missing_branches": 0, "percent_branches_covered": 100.0, "percent_branches_covered_display": "100"}, "missing_lines": [216, 217, 218], "excluded_lines": [], "start_line": 1, "executed_branches": [], "missing_branches": []}}, "classes": {"Config": {"executed_lines": [141, 144, 148, 150, 152, 156, 160, 163, 166, 170, 174, 178, 179], "summary": {"covered_lines": 13, "num_statements": 24, "percent_covered": 56.0, "percent_covered_display": "56", "missing_lines": 11, "excluded_lines": 0, "percent_statements_covered": 54.166666666666664, "percent_statements_covered_display": "54", "num_branches": 26, "num_partial_branches": 11, "covered_branches": 15, "missing_branches": 11, "percent_branches_covered": 57.69230769230769, "percent_branches_covered_display": "58"}, "missing_lines": [142, 145, 151, 153, 157, 161, 164, 167, 171, 175, 180], "excluded_lines": [], "start_line": 6, "executed_branches": [[141, 144], [144, 148], [148, 150], [148, 156], [150, 152], [152, 148], [156, 160], [160, 163], [163, 166], [166, 170], [170, 174], [174, 178], [178, -132], [178, 179], [179, 178]], "missing_branches": [[141, 142], [144, 145], [150, 151], [152, 153], [156, 157], [160, 161], [163, 164], [166, 167], [170, 171], [174, 175], [179, 180]]}, "": {"executed_lines": [2, 3, 6, 15, 18, 19, 20, 23, 24, 25, 28, 31, 32, 33, 34, 35, 38, 39, 40, 43, 44, 47, 48, 49, 52, 55, 56, 60, 111, 112, 115, 132, 133, 184, 185, 186, 187, 188, 189, 190, 191, 192, 193, 194, 195, 196, 197, 198, 199, 200, 201, 202, 203, 204, 205, 206, 207, 208, 209, 210, 211, 214, 215], "summary": {"covered_lines": 63, "num_statements": 66, "percent_covered": 95.45454545454545, "percent_covered_display": "95", "missing_lines": 3, "excluded_lines": 0, "percent_statements_covered": 95.45454545454545, "percent_statements_covered_display": "95", "num_branches": 0, "num_partial_branches": 0, "covered_branches": 0, "missing_branches": 0, "percent_branches_covered": 100.0, "percent_branches_covered_display": "100"}, "missing_lines": [216, 217, 218], "excluded_lines": [], "start_line": 1, "executed_branches": [], "missing_branches": []}}}, "error_codes.py": {"executed_lines": [15, 18, 22, 23, 24, 25, 26, 29, 30, 31, 32, 35, 36, 37, 38, 41, 42, 43, 46, 47, 48, 52, 84, 103, 105, 106, 107, 108, 110, 112, 117, 120, 130, 131, 132, 133, 134, 135, 137], "summary": {"covered_lines": 39, "num_statements": 39, "percent_covered": 100.0, "percent_covered_display": "100", "missing_lines": 0, "excluded_lines": 0, "percent_statements_covered": 100.0, "percent_statements_covered_display": "100", "num_branches": 8, "num_partial_branches": 0, "covered_branches": 8, "missing_branches": 0, "percent_branches_covered": 100.0, "percent_branches_covered_display": "100"}, "missing_lines": [], "excluded_lines": [], "executed_branches": [[105, 106], [105, 112], [130, 131], [130, 132], [132, 133], [132, 134], [134, 135], [134, 137]], "missing_branches": [], "functions": {"format_error_response": {"executed_lines": [103, 105, 106, 107, 108, 110, 112, 117], "summary": {"covered_lines": 8, "num_statements": 8, "percent_covered": 100.0, "percent_covered_display": "100", "missing_lines": 0, "excluded_lines": 0, "percent_statements_covered": 100.0, "percent_statements_covered_display": "100", "num_branches": 2, "num_partial_branches": 0, "covered_branches": 2, "missing_branches": 0, "percent_branches_covered": 100.0, "percent_branches_covered_display": "100"}, "missing_lines": [], "excluded_lines": [], "start_line": 84, "executed_branches": [[105, 106], [105, 112]], "missing_branches": []}, "get_http_status_for_error_code": {"executed_lines": [130, 131, 132, 133, 134, 135, 137], "summary": {"covered_lines": 7, "num_statements": 7, "percent_covered": 100.0, "percent_covered_display": "100", "missing_lines": 0, "excluded_lines": 0, "percent_statements_covered": 100.0, "percent_statements_covered_display": "100", "num_branches": 6, "num_partial_branches": 0, "covered_branches": 6, "missing_branches": 0, "percent_branches_covered": 100.0, "percent_branches_covered_display": "100"}, "missing_lines": [], "excluded_lines": [], "start_line": 120, "executed_branches": [[130, 131], [130, 132], [132, 133], [132, 134], [134, 135], [134, 137]], "missing_branches": []}, "": {"executed_lines": [15, 18, 22, 23, 24, 25, 26, 29, 30, 31, 32, 35, 36, 37, 38, 41, 42, 43, 46, 47, 48, 52, 84, 120], "summary": {"covered_lines": 24, "num_statements": 24, "percent_covered": 100.0, "percent_covered_display": "100", "missing_lines": 0, "excluded_lines": 0, "percent_statements_covered": 100.0, "percent_statements_covered_display": "100", "num_branches": 0, "num_partial_branches": 0, "covered_branches": 0, "missing_branches": 0, "percent_branches_covered": 100.0, "percent_branches_covered_display": "100"}, "missing_lines": [], "excluded_lines": [], "start_line": 1, "executed_branches": [], "missing_branches": []}}, "classes": {"ErrorCodes": {"executed_lines": [], "summary": {"covered_lines": 0, "num_statements": 0, "percent_covered": 100.0, "percent_covered_display": "100", "missing_lines": 0, "excluded_lines": 0, "percent_statements_covered": 100.0, "percent_statements_covered_display": "100", "num_branches": 0, "num_partial_branches": 0, "covered_branches": 0, "missing_branches": 0, "percent_branches_covered": 100.0, "percent_branches_covered_display": "100"}, "missing_lines": [], "excluded_lines": [], "start_line": 18, "executed_branches": [], "missing_branches": []}, "": {"executed_lines": [15, 18, 22, 23, 24, 25, 26, 29, 30, 31, 32, 35, 36, 37, 38, 41, 42, 43, 46, 47, 48, 52, 84, 103, 105, 106, 107, 108, 110, 112, 117, 120, 130, 131, 132, 133, 134, 135, 137], "summary": {"covered_lines": 39, "num_statements": 39, "percent_covered": 100.0, "percent_covered_display": "100", "missing_lines": 0, "excluded_lines": 0, "percent_statements_covered": 100.0, "percent_statements_covered_display": "100", "num_branches": 8, "num_partial_branches": 0, "covered_branches": 8, "missing_branches": 0, "percent_branches_covered": 100.0, "percent_branches_covered_display": "100"}, "missing_lines": [], "excluded_lines": [], "start_line": 1, "executed_branches": [[105, 106], [105, 112], [130, 131], [130, 132], [132, 133], [132, 134], [134, 135], [134, 137]], "missing_branches": []}}}, "error_handlers.py": {"executed_lines": [10, 11, 12, 13, 14, 16, 19, 28, 29, 30, 31, 32, 35, 44, 51, 60, 67, 92, 93, 94, 95, 96, 97, 102, 103, 105, 114, 123, 131, 133, 134, 135, 137, 140, 224, 267, 288], "summary": {"covered_lines": 37, "num_statements": 90, "percent_covered": 32.45614035087719, "percent_covered_display": "32", "missing_lines": 53, "excluded_lines": 0, "percent_statements_covered": 41.111111111111114, "percent_statements_covered_display": "41", "num_branches": 24, "num_partial_branches": 0, "covered_branches": 0, "missing_branches": 24, "percent_branches_covered": 0.0, "percent_branches_covered_display": "0"}, "missing_lines": [45, 46, 47, 48, 61, 62, 63, 64, 106, 111, 112, 115, 120, 121, 124, 125, 129, 157, 158, 164, 166, 167, 174, 175, 182, 183, 184, 185, 192, 196, 197, 198, 199, 206, 207, 214, 215, 221, 239, 240, 241, 242, 248, 249, 250, 251, 257, 258, 264, 284, 285, 304, 305], "excluded_lines": [], "executed_branches": [], "missing_branches": [[157, 158], [157, 164], [166, 167], [166, 174], [174, 175], [174, 182], [183, 184], [183, 192], [184, 183], [184, 185], [197, 198], [197, 206], [198, 197], [198, 199], [206, 207], [206, 214], [214, 215], [214, 221], [239, 240], [239, 248], [240, 241], [240, 242], [257, 258], [257, 264]], "functions": {"ValidationError.__init__": {"executed_lines": [29, 30, 31, 32], "summary": {"covered_lines": 4, "num_statements": 4, "percent_covered": 100.0, "percent_covered_display": "100", "missing_lines": 0, "excluded_lines": 0, "percent_statements_covered": 100.0, "percent_statements_covered_display": "100", "num_branches": 0, "num_partial_branches": 0, "covered_branches": 0, "missing_branches": 0, "percent_branches_covered": 100.0, "percent_branches_covered_display": "100"}, "missing_lines": [], "excluded_lines": [], "start_line": 28, "executed_branches": [], "missing_branches": []}, "ResourceNotFoundError.__init__": {"executed_lines": [], "summary": {"covered_lines": 0, "num_statements": 4, "percent_covered": 0.0, "percent_covered_display": "0", "missing_lines": 4, "excluded_lines": 0, "percent_statements_covered": 0.0, "percent_statements_covered_display": "0", "num_branches": 0, "num_partial_branches": 0, "covered_branches": 0, "missing_branches": 0, "percent_branches_covered": 100.0, "percent_branches_covered_display": "100"}, "missing_lines": [45, 46, 47, 48], "excluded_lines": [], "start_line": 44, "executed_branches": [], "missing_branches": []}, "QueryExecutionError.__init__": {"executed_lines": [], "summary": {"covered_lines": 0, "num_statements": 4, "percent_covered": 0.0, "percent_covered_display": "0", "missing_lines": 4, "excluded_lines": 0, "percent_statements_covered": 0.0, "percent_statements_covered_display": "0", "num_branches": 0, "num_partial_branches": 0, "covered_branches": 0, "missing_branches": 0, "percent_branches_covered": 100.0, "percent_branches_covered_display": "100"}, "missing_lines": [61, 62, 63, 64], "excluded_lines": [], "start_line": 60, "executed_branches": [], "missing_branches": []}, "handle_api_errors": {"executed_lines": [92, 93, 137], "summary": {"covered_lines": 3, "num_statements": 3, "percent_covered": 100.0, "percent_covered_display": "100", "missing_lines": 0, "excluded_lines": 0, "percent_statements_covered": 100.0, "percent_statements_covered_display": "100", "num_branches": 0, "num_partial_branches": 0, "covered_branches": 0, "missing_branches": 0, "percent_branches_covered": 100.0, "percent_branches_covered_display": "100"}, "missing_lines": [], "excluded_lines": [], "start_line": 67, "executed_branches": [], "missing_branches": []}, "handle_api_errors.decorated_function": {"executed_lines": [94, 95, 96, 97, 102, 103, 105, 114, 123, 131, 133, 134, 135], "summary": {"covered_lines": 13, "num_statements": 22, "percent_covered": 59.09090909090909, "percent_covered_display": "59", "missing_lines": 9, "excluded_lines": 0, "percent_statements_covered": 59.09090909090909, "percent_statements_covered_display": "59", "num_branches": 0, "num_partial_branches": 0, "covered_branches": 0, "missing_branches": 0, "percent_branches_covered": 100.0, "percent_branches_covered_display": "100"}, "missing_lines": [106, 111, 112, 115, 120, 121, 124, 125, 129], "excluded_lines": [], "start_line": 93, "executed_branches": [], "missing_branches": []}, "validate_uri": {"executed_lines": [], "summary": {"covered_lines": 0, "num_statements": 21, "percent_covered": 0.0, "percent_covered_display": "0", "missing_lines": 21, "excluded_lines": 0, "percent_statements_covered": 0.0, "percent_statements_covered_display": "0", "num_branches": 18, "num_partial_branches": 0, "covered_branches": 0, "missing_branches": 18, "percent_branches_covered": 0.0, "percent_branches_covered_display": "0"}, "missing_lines": [157, 158, 164, 166, 167, 174, 175, 182, 183, 184, 185, 192, 196, 197, 198, 199, 206, 207, 214, 215, 221], "excluded_lines": [], "start_line": 140, "executed_branches": [], "missing_branches": [[157, 158], [157, 164], [166, 167], [166, 174], [174, 175], [174, 182], [183, 184], [183, 192], [184, 183], [184, 185], [197, 198], [197, 206], [198, 197], [198, 199], [206, 207], [206, 214], [214, 215], [214, 221]]}, "validate_positive_integer": {"executed_lines": [], "summary": {"covered_lines": 0, "num_statements": 11, "percent_covered": 0.0, "percent_covered_display": "0", "missing_lines": 11, "excluded_lines": 0, "percent_statements_covered": 0.0, "percent_statements_covered_display": "0", "num_branches": 6, "num_partial_branches": 0, "covered_branches": 0, "missing_branches": 6, "percent_branches_covered": 0.0, "percent_branches_covered_display": "0"}, "missing_lines": [239, 240, 241, 242, 248, 249, 250, 251, 257, 258, 264], "excluded_lines": [], "start_line": 224, "executed_branches": [], "missing_branches": [[239, 240], [239, 248], [240, 241], [240, 242], [257, 258], [257, 264]]}, "safe_get_binding_value": {"executed_lines": [], "summary": {"covered_lines": 0, "num_statements": 2, "percent_covered": 0.0, "percent_covered_display": "0", "missing_lines": 2, "excluded_lines": 0, "percent_statements_covered": 0.0, "percent_statements_covered_display": "0", "num_branches": 0, "num_partial_branches": 0, "covered_branches": 0, "missing_branches": 0, "percent_branches_covered": 100.0, "percent_branches_covered_display": "100"}, "missing_lines": [284, 285], "excluded_lines": [], "start_line": 267, "executed_branches": [], "missing_branches": []}, "safe_get_binding_int": {"executed_lines": [], "summary": {"covered_lines": 0, "num_statements": 2, "percent_covered": 0.0, "percent_covered_display": "0", "missing_lines": 2, "excluded_lines": 0, "percent_statements_covered": 0.0, "percent_statements_covered_display": "0", "num_branches": 0, "num_partial_branches": 0, "covered_branches": 0, "missing_branches": 0, "percent_branches_covered": 100.0, "percent_branches_covered_display": "100"}, "missing_lines": [304, 305], "excluded_lines": [], "start_line": 288, "executed_branches": [], "missing_branches": []}, "": {"executed_lines": [10, 11, 12, 13, 14, 16, 19, 28, 35, 44, 51, 60, 67, 140, 224, 267, 288], "summary": {"covered_lines": 17, "num_statements": 17, "percent_covered": 100.0, "percent_covered_display": "100", "missing_lines": 0, "excluded_lines": 0, "percent_statements_covered": 100.0, "percent_statements_covered_display": "100", "num_branches": 0, "num_partial_branches": 0, "covered_branches": 0, "missing_branches": 0, "percent_branches_covered": 100.0, "percent_branches_covered_display": "100"}, "missing_lines": [], "excluded_lines": [], "start_line": 1, "executed_branches": [], "missing_branches": []}}, "classes": {"ValidationError": {"executed_lines": [29, 30, 31, 32], "summary": {"covered_lines": 4, "num_statements": 4, "percent_covered": 100.0, "percent_covered_display": "100", "missing_lines": 0, "excluded_lines": 0, "percent_statements_covered": 100.0, "percent_statements_covered_display": "100", "num_branches": 0, "num_partial_branches": 0, "covered_branches": 0, "missing_branches": 0, "percent_branches_covered": 100.0, "percent_branches_covered_display": "100"}, "missing_lines": [], "excluded_lines": [], "start_line": 19, "executed_branches": [], "missing_branches": []}, "ResourceNotFoundError": {"executed_lines": [], "summary": {"covered_lines": 0, "num_statements": 4, "percent_covered": 0.0, "percent_covered_display": "0", "missing_lines": 4, "excluded_lines": 0, "percent_statements_covered": 0.0, "percent_statements_covered_display": "0", "num_branches": 0, "num_partial_branches": 0, "covered_branches": 0, "missing_branches": 0, "percent_branches_covered": 100.0, "percent_branches_covered_display": "100"}, "missing_lines": [45, 46, 47, 48], "excluded_lines": [], "start_line": 35, "executed_branches": [], "missing_branches": []}, "QueryExecutionError": {"executed_lines": [], "summary": {"covered_lines": 0, "num_statements": 4, "percent_covered": 0.0, "percent_covered_display": "0", "missing_lines": 4, "excluded_lines": 0, "percent_statements_covered": 0.0, "percent_statements_covered_display": "0", "num_branches": 0, "num_partial_branches": 0, "covered_branches": 0, "missing_branches": 0, "percent_branches_covered": 100.0, "percent_branches_covered_display": "100"}, "missing_lines": [61, 62, 63, 64], "excluded_lines": [], "start_line": 51, "executed_branches": [], "missing_branches": []}, "": {"executed_lines": [10, 11, 12, 13, 14, 16, 19, 28, 35, 44, 51, 60, 67, 92, 93, 94, 95, 96, 97, 102, 103, 105, 114, 123, 131, 133, 134, 135, 137, 140, 224, 267, 288], "summary": {"covered_lines": 33, "num_statements": 78, "percent_covered": 32.35294117647059, "percent_covered_display": "32", "missing_lines": 45, "excluded_lines": 0, "percent_statements_covered": 42.30769230769231, "percent_statements_covered_display": "42", "num_branches": 24, "num_partial_branches": 0, "covered_branches": 0, "missing_branches": 24, "percent_branches_covered": 0.0, "percent_branches_covered_display": "0"}, "missing_lines": [106, 111, 112, 115, 120, 121, 124, 125, 129, 157, 158, 164, 166, 167, 174, 175, 182, 183, 184, 185, 192, 196, 197, 198, 199, 206, 207, 214, 215, 221, 239, 240, 241, 242, 248, 249, 250, 251, 257, 258, 264, 284, 285, 304, 305], "excluded_lines": [], "start_line": 1, "executed_branches": [], "missing_branches": [[157, 158], [157, 164], [166, 167], [166, 174], [174, 175], [174, 182], [183, 184], [183, 192], [184, 183], [184, 185], [197, 198], [197, 206], [198, 197], [198, 199], [206, 207], [206, 214], [214, 215], [214, 221], [239, 240], [239, 248], [240, 241], [240, 242], [257, 258], [257, 264]]}}}, "functions\\REFACTORING_EXAMPLE.py": {"executed_lines": [], "summary": {"covered_lines": 0, "num_statements": 34, "percent_covered": 0.0, "percent_covered_display": "0", "missing_lines": 34, "excluded_lines": 0, "percent_statements_covered": 0.0, "percent_statements_covered_display": "0", "num_branches": 6, "num_partial_branches": 0, "covered_branches": 0, "missing_branches": 6, "percent_branches_covered": 0.0, "percent_branches_covered_display": "0"}, "missing_lines": [17, 18, 19, 20, 22, 23, 24, 26, 29, 54, 55, 57, 63, 75, 82, 87, 90, 110, 111, 113, 118, 126, 133, 138, 141, 161, 162, 164, 169, 178, 185, 191, 196, 201], "excluded_lines": [], "executed_branches": [], "missing_branches": [[54, 55], [54, 57], [110, 111], [110, 113], [161, 162], [161, 164]], "functions": {"get_number_of_violations_in_validation_report": {"executed_lines": [], "summary": {"covered_lines": 0, "num_statements": 7, "percent_covered": 0.0, "percent_covered_display": "0", "missing_lines": 7, "excluded_lines": 0, "percent_statements_covered": 0.0, "percent_statements_covered_display": "0", "num_branches": 2, "num_partial_branches": 0, "covered_branches": 0, "missing_branches": 2, "percent_branches_covered": 0.0, "percent_branches_covered_display": "0"}, "missing_lines": [54, 55, 57, 63, 75, 82, 87], "excluded_lines": [], "start_line": 29, "executed_branches": [], "missing_branches": [[54, 55], [54, 57]]}, "get_number_of_node_shapes": {"executed_lines": [], "summary": {"covered_lines": 0, "num_statements": 7, "percent_covered": 0.0, "percent_covered_display": "0", "missing_lines": 7, "excluded_lines": 0, "percent_statements_covered": 0.0, "percent_statements_covered_display": "0", "num_branches": 2, "num_partial_branches": 0, "covered_branches": 0, "missing_branches": 2, "percent_branches_covered": 0.0, "percent_branches_covered_display": "0"}, "missing_lines": [110, 111, 113, 118, 126, 133, 138], "excluded_lines": [], "start_line": 90, "executed_branches": [], "missing_branches": [[110, 111], [110, 113]]}, "get_all_shapes_names": {"executed_lines": [], "summary": {"covered_lines": 0, "num_statements": 8, "percent_covered": 0.0, "percent_covered_display": "0", "missing_lines": 8, "excluded_lines": 0, "percent_statements_covered": 0.0, "percent_statements_covered_display": "0", "num_branches": 2, "num_partial_branches": 0, "covered_branches": 0, "missing_branches": 2, "percent_branches_covered": 0.0, "percent_branches_covered_display": "0"}, "missing_lines": [161, 162, 164, 169, 178, 185, 191, 196], "excluded_lines": [], "start_line": 141, "executed_branches": [], "missing_branches": [[161, 162], [161, 164]]}, "": {"executed_lines": [], "summary": {"covered_lines": 0, "num_statements": 12, "percent_covered": 0.0, "percent_covered_display": "0", "missing_lines": 12, "excluded_lines": 0, "percent_statements_covered": 0.0, "percent_statements_covered_display": "0", "num_branches": 0, "num_partial_branches": 0, "covered_branches": 0, "missing_branches": 0, "percent_branches_covered": 100.0, "percent_branches_covered_display": "100"}, "missing_lines": [17, 18, 19, 20, 22, 23, 24, 26, 29, 90, 141, 201], "excluded_lines": [], "start_line": 1, "executed_branches": [], "missing_branches": []}}, "classes": {"": {"executed_lines": [], "summary": {"covered_lines": 0, "num_statements": 34, "percent_covered": 0.0, "percent_covered_display": "0", "missing_lines": 34, "excluded_lines": 0, "percent_statements_covered": 0.0, "percent_statements_covered_display": "0", "num_branches": 6, "num_partial_branches": 0, "covered_branches": 0, "missing_branches": 6, "percent_branches_covered": 0.0, "percent_branches_covered_display": "0"}, "missing_lines": [17, 18, 19, 20, 22, 23, 24, 26, 29, 54, 55, 57, 63, 75, 82, 87, 90, 110, 111, 113, 118, 126, 133, 138, 141, 161, 162, 164, 169, 178, 185, 191, 196, 201], "excluded_lines": [], "start_line": 1, "executed_branches": [], "missing_branches": [[54, 55], [54, 57], [110, 111], [110, 113], [161, 162], [161, 164]]}}}, "functions\\__init__.py": {"executed_lines": [19, 32, 37, 47, 53, 62, 73, 80, 98], "summary": {"covered_lines": 9, "num_statements": 9, "percent_covered": 100.0, "percent_covered_display": "100", "missing_lines": 0, "excluded_lines": 0, "percent_statements_covered": 100.0, "percent_statements_covered_display": "100", "num_branches": 0, "num_partial_branches": 0, "covered_branches": 0, "missing_branches": 0, "percent_branches_covered": 100.0, "percent_branches_covered_display": "100"}, "missing_lines": [], "excluded_lines": [], "executed_branches": [], "missing_branches": [], "functions": {"": {"executed_lines": [19, 32, 37, 47, 53, 62, 73, 80, 98], "summary": {"covered_lines": 9, "num_statements": 9, "percent_covered": 100.0, "percent_covered_display": "100", "missing_lines": 0, "excluded_lines": 0, "percent_statements_covered": 100.0, "percent_statements_covered_display": "100", "num_branches": 0, "num_partial_branches": 0, "covered_branches": 0, "missing_branches": 0, "percent_branches_covered": 100.0, "percent_branches_covered_display": "100"}, "missing_lines": [], "excluded_lines": [], "start_line": 1, "executed_branches": [], "missing_branches": []}}, "classes": {"": {"executed_lines": [19, 32, 37, 47, 53, 62, 73, 80, 98], "summary": {"covered_lines": 9, "num_statements": 9, "percent_covered": 100.0, "percent_covered_display": "100", "missing_lines": 0, "excluded_lines": 0, "percent_statements_covered": 100.0, "percent_statements_covered_display": "100", "num_branches": 0, "num_partial_branches": 0, "covered_branches": 0, "missing_branches": 0, "percent_branches_covered": 100.0, "percent_branches_covered_display": "100"}, "missing_lines": [], "excluded_lines": [], "start_line": 1, "executed_branches": [], "missing_branches": []}}}, "functions\\distribution_analysis_service.py": {"executed_lines": [16, 17, 18, 19, 20, 21, 23, 24, 26, 29, 79, 126, 173, 258], "summary": {"covered_lines": 14, "num_statements": 85, "percent_covered": 13.592233009708737, "percent_covered_display": "14", "missing_lines": 71, "excluded_lines": 0, "percent_statements_covered": 16.470588235294116, "percent_statements_covered_display": "16", "num_branches": 18, "num_partial_branches": 0, "covered_branches": 0, "missing_branches": 18, "percent_branches_covered": 0.0, "percent_branches_covered_display": "0"}, "missing_lines": [43, 46, 49, 52, 53, 54, 57, 60, 61, 62, 63, 66, 76, 90, 93, 96, 99, 100, 101, 104, 107, 108, 109, 110, 113, 123, 137, 140, 143, 146, 147, 148, 151, 154, 155, 156, 157, 160, 170, 198, 201, 214, 218, 219, 222, 225, 227, 232, 233, 236, 239, 240, 241, 242, 245, 255, 269, 272, 275, 277, 278, 281, 282, 285, 288, 289, 290, 291, 292, 295, 305], "excluded_lines": [], "executed_branches": [], "missing_branches": [[60, 61], [60, 66], [107, 108], [107, 113], [154, 155], [154, 160], [225, 227], [225, 232], [240, 241], [240, 245], [277, 278], [277, 281], [288, 289], [288, 295], [289, 288], [289, 290], [290, 289], [290, 291]], "functions": {"distribution_of_violations_per_shape": {"executed_lines": [], "summary": {"covered_lines": 0, "num_statements": 13, "percent_covered": 0.0, "percent_covered_display": "0", "missing_lines": 13, "excluded_lines": 0, "percent_statements_covered": 0.0, "percent_statements_covered_display": "0", "num_branches": 2, "num_partial_branches": 0, "covered_branches": 0, "missing_branches": 2, "percent_branches_covered": 0.0, "percent_branches_covered_display": "0"}, "missing_lines": [43, 46, 49, 52, 53, 54, 57, 60, 61, 62, 63, 66, 76], "excluded_lines": [], "start_line": 29, "executed_branches": [], "missing_branches": [[60, 61], [60, 66]]}, "distribution_of_violations_per_path": {"executed_lines": [], "summary": {"covered_lines": 0, "num_statements": 13, "percent_covered": 0.0, "percent_covered_display": "0", "missing_lines": 13, "excluded_lines": 0, "percent_statements_covered": 0.0, "percent_statements_covered_display": "0", "num_branches": 2, "num_partial_branches": 0, "covered_branches": 0, "missing_branches": 2, "percent_branches_covered": 0.0, "percent_branches_covered_display": "0"}, "missing_lines": [90, 93, 96, 99, 100, 101, 104, 107, 108, 109, 110, 113, 123], "excluded_lines": [], "start_line": 79, "executed_branches": [], "missing_branches": [[107, 108], [107, 113]]}, "distribution_of_violations_per_focus_node": {"executed_lines": [], "summary": {"covered_lines": 0, "num_statements": 13, "percent_covered": 0.0, "percent_covered_display": "0", "missing_lines": 13, "excluded_lines": 0, "percent_statements_covered": 0.0, "percent_statements_covered_display": "0", "num_branches": 2, "num_partial_branches": 0, "covered_branches": 0, "missing_branches": 2, "percent_branches_covered": 0.0, "percent_branches_covered_display": "0"}, "missing_lines": [137, 140, 143, 146, 147, 148, 151, 154, 155, 156, 157, 160, 170], "excluded_lines": [], "start_line": 126, "executed_branches": [], "missing_branches": [[154, 155], [154, 160]]}, "get_distribution_of_violations_per_constraint_component": {"executed_lines": [], "summary": {"covered_lines": 0, "num_statements": 17, "percent_covered": 0.0, "percent_covered_display": "0", "missing_lines": 17, "excluded_lines": 0, "percent_statements_covered": 0.0, "percent_statements_covered_display": "0", "num_branches": 4, "num_partial_branches": 0, "covered_branches": 0, "missing_branches": 4, "percent_branches_covered": 0.0, "percent_branches_covered_display": "0"}, "missing_lines": [198, 201, 214, 218, 219, 222, 225, 227, 232, 233, 236, 239, 240, 241, 242, 245, 255], "excluded_lines": [], "start_line": 173, "executed_branches": [], "missing_branches": [[225, 227], [225, 232], [240, 241], [240, 245]]}, "distribution_of_violations_per_path_with_adaptive_bins": {"executed_lines": [], "summary": {"covered_lines": 0, "num_statements": 15, "percent_covered": 0.0, "percent_covered_display": "0", "missing_lines": 15, "excluded_lines": 0, "percent_statements_covered": 0.0, "percent_statements_covered_display": "0", "num_branches": 8, "num_partial_branches": 0, "covered_branches": 0, "missing_branches": 8, "percent_branches_covered": 0.0, "percent_branches_covered_display": "0"}, "missing_lines": [269, 272, 275, 277, 278, 281, 282, 285, 288, 289, 290, 291, 292, 295, 305], "excluded_lines": [], "start_line": 258, "executed_branches": [], "missing_branches": [[277, 278], [277, 281], [288, 289], [288, 295], [289, 288], [289, 290], [290, 289], [290, 291]]}, "": {"executed_lines": [16, 17, 18, 19, 20, 21, 23, 24, 26, 29, 79, 126, 173, 258], "summary": {"covered_lines": 14, "num_statements": 14, "percent_covered": 100.0, "percent_covered_display": "100", "missing_lines": 0, "excluded_lines": 0, "percent_statements_covered": 100.0, "percent_statements_covered_display": "100", "num_branches": 0, "num_partial_branches": 0, "covered_branches": 0, "missing_branches": 0, "percent_branches_covered": 100.0, "percent_branches_covered_display": "100"}, "missing_lines": [], "excluded_lines": [], "start_line": 1, "executed_branches": [], "missing_branches": []}}, "classes": {"": {"executed_lines": [16, 17, 18, 19, 20, 21, 23, 24, 26, 29, 79, 126, 173, 258], "summary": {"covered_lines": 14, "num_statements": 85, "percent_covered": 13.592233009708737, "percent_covered_display": "14", "missing_lines": 71, "excluded_lines": 0, "percent_statements_covered": 16.470588235294116, "percent_statements_covered_display": "16", "num_branches": 18, "num_partial_branches": 0, "covered_branches": 0, "missing_branches": 18, "percent_branches_covered": 0.0, "percent_branches_covered_display": "0"}, "missing_lines": [43, 46, 49, 52, 53, 54, 57, 60, 61, 62, 63, 66, 76, 90, 93, 96, 99, 100, 101, 104, 107, 108, 109, 110, 113, 123, 137, 140, 143, 146, 147, 148, 151, 154, 155, 156, 157, 160, 170, 198, 201, 214, 218, 219, 222, 225, 227, 232, 233, 236, 239, 240, 241, 242, 245, 255, 269, 272, 275, 277, 278, 281, 282, 285, 288, 289, 290, 291, 292, 295, 305], "excluded_lines": [], "start_line": 1, "executed_branches": [], "missing_branches": [[60, 61], [60, 66], [107, 108], [107, 113], [154, 155], [154, 160], [225, 227], [225, 232], [240, 241], [240, 245], [277, 278], [277, 281], [288, 289], [288, 295], [289, 288], [289, 290], [290, 289], [290, 291]]}}}, "functions\\entity_retrieval.py": {"executed_lines": [1, 2, 3, 4, 6, 7, 9, 11, 29, 43, 46, 48, 56, 62, 64, 68, 71, 85, 88, 90, 98, 104, 106, 107, 110, 124, 127, 129, 137, 143, 149, 163, 166, 168, 176, 182, 188, 204, 208, 212, 215, 229, 235, 249, 264, 267, 278, 284, 293, 308, 311, 319], "summary": {"covered_lines": 52, "num_statements": 68, "percent_covered": 70.93023255813954, "percent_covered_display": "71", "missing_lines": 16, "excluded_lines": 0, "percent_statements_covered": 76.47058823529412, "percent_statements_covered_display": "76", "num_branches": 18, "num_partial_branches": 9, "covered_branches": 9, "missing_branches": 9, "percent_branches_covered": 50.0, "percent_branches_covered_display": "50"}, "missing_lines": [44, 86, 125, 145, 146, 164, 184, 185, 205, 209, 213, 246, 265, 285, 287, 309], "excluded_lines": [], "executed_branches": [[43, 46], [85, 88], [124, 127], [163, 166], [204, 208], [208, 212], [212, 215], [264, 267], [308, 311]], "missing_branches": [[43, 44], [85, 86], [124, 125], [163, 164], [204, 205], [208, 209], [212, 213], [264, 265], [308, 309]], "functions": {"get_all_shapes_names": {"executed_lines": [43, 46, 48, 56, 62, 64, 68], "summary": {"covered_lines": 7, "num_statements": 8, "percent_covered": 80.0, "percent_covered_display": "80", "missing_lines": 1, "excluded_lines": 0, "percent_statements_covered": 87.5, "percent_statements_covered_display": "88", "num_branches": 2, "num_partial_branches": 1, "covered_branches": 1, "missing_branches": 1, "percent_branches_covered": 50.0, "percent_branches_covered_display": "50"}, "missing_lines": [44], "excluded_lines": [], "start_line": 29, "executed_branches": [[43, 46]], "missing_branches": [[43, 44]]}, "get_all_focus_node_names": {"executed_lines": [85, 88, 90, 98, 104, 106, 107], "summary": {"covered_lines": 7, "num_statements": 8, "percent_covered": 80.0, "percent_covered_display": "80", "missing_lines": 1, "excluded_lines": 0, "percent_statements_covered": 87.5, "percent_statements_covered_display": "88", "num_branches": 2, "num_partial_branches": 1, "covered_branches": 1, "missing_branches": 1, "percent_branches_covered": 50.0, "percent_branches_covered_display": "50"}, "missing_lines": [86], "excluded_lines": [], "start_line": 71, "executed_branches": [[85, 88]], "missing_branches": [[85, 86]]}, "get_all_property_path_names": {"executed_lines": [124, 127, 129, 137, 143], "summary": {"covered_lines": 5, "num_statements": 8, "percent_covered": 60.0, "percent_covered_display": "60", "missing_lines": 3, "excluded_lines": 0, "percent_statements_covered": 62.5, "percent_statements_covered_display": "62", "num_branches": 2, "num_partial_branches": 1, "covered_branches": 1, "missing_branches": 1, "percent_branches_covered": 50.0, "percent_branches_covered_display": "50"}, "missing_lines": [125, 145, 146], "excluded_lines": [], "start_line": 110, "executed_branches": [[124, 127]], "missing_branches": [[124, 125]]}, "get_all_constraint_components_names": {"executed_lines": [163, 166, 168, 176, 182], "summary": {"covered_lines": 5, "num_statements": 8, "percent_covered": 60.0, "percent_covered_display": "60", "missing_lines": 3, "excluded_lines": 0, "percent_statements_covered": 62.5, "percent_statements_covered_display": "62", "num_branches": 2, "num_partial_branches": 1, "covered_branches": 1, "missing_branches": 1, "percent_branches_covered": 50.0, "percent_branches_covered_display": "50"}, "missing_lines": [164, 184, 185], "excluded_lines": [], "start_line": 149, "executed_branches": [[163, 166]], "missing_branches": [[163, 164]]}, "get_violations_for_shape_name": {"executed_lines": [204, 208, 212, 215, 229, 235], "summary": {"covered_lines": 6, "num_statements": 10, "percent_covered": 56.25, "percent_covered_display": "56", "missing_lines": 4, "excluded_lines": 0, "percent_statements_covered": 60.0, "percent_statements_covered_display": "60", "num_branches": 6, "num_partial_branches": 3, "covered_branches": 3, "missing_branches": 3, "percent_branches_covered": 50.0, "percent_branches_covered_display": "50"}, "missing_lines": [205, 209, 213, 246], "excluded_lines": [], "start_line": 188, "executed_branches": [[204, 208], [208, 212], [212, 215]], "missing_branches": [[204, 205], [208, 209], [212, 213]]}, "get_number_of_shapes_in_shapes_graph": {"executed_lines": [264, 267, 278, 284], "summary": {"covered_lines": 4, "num_statements": 7, "percent_covered": 55.55555555555556, "percent_covered_display": "56", "missing_lines": 3, "excluded_lines": 0, "percent_statements_covered": 57.142857142857146, "percent_statements_covered_display": "57", "num_branches": 2, "num_partial_branches": 1, "covered_branches": 1, "missing_branches": 1, "percent_branches_covered": 50.0, "percent_branches_covered_display": "50"}, "missing_lines": [265, 285, 287], "excluded_lines": [], "start_line": 249, "executed_branches": [[264, 267]], "missing_branches": [[264, 265]]}, "get_number_of_violations_in_validation_report": {"executed_lines": [308, 311, 319], "summary": {"covered_lines": 3, "num_statements": 4, "percent_covered": 66.66666666666667, "percent_covered_display": "67", "missing_lines": 1, "excluded_lines": 0, "percent_statements_covered": 75.0, "percent_statements_covered_display": "75", "num_branches": 2, "num_partial_branches": 1, "covered_branches": 1, "missing_branches": 1, "percent_branches_covered": 50.0, "percent_branches_covered_display": "50"}, "missing_lines": [309], "excluded_lines": [], "start_line": 293, "executed_branches": [[308, 311]], "missing_branches": [[308, 309]]}, "": {"executed_lines": [1, 2, 3, 4, 6, 7, 9, 11, 29, 71, 110, 149, 188, 249, 293], "summary": {"covered_lines": 15, "num_statements": 15, "percent_covered": 100.0, "percent_covered_display": "100", "missing_lines": 0, "excluded_lines": 0, "percent_statements_covered": 100.0, "percent_statements_covered_display": "100", "num_branches": 0, "num_partial_branches": 0, "covered_branches": 0, "missing_branches": 0, "percent_branches_covered": 100.0, "percent_branches_covered_display": "100"}, "missing_lines": [], "excluded_lines": [], "start_line": 1, "executed_branches": [], "missing_branches": []}}, "classes": {"": {"executed_lines": [1, 2, 3, 4, 6, 7, 9, 11, 29, 43, 46, 48, 56, 62, 64, 68, 71, 85, 88, 90, 98, 104, 106, 107, 110, 124, 127, 129, 137, 143, 149, 163, 166, 168, 176, 182, 188, 204, 208, 212, 215, 229, 235, 249, 264, 267, 278, 284, 293, 308, 311, 319], "summary": {"covered_lines": 52, "num_statements": 68, "percent_covered": 70.93023255813954, "percent_covered_display": "71", "missing_lines": 16, "excluded_lines": 0, "percent_statements_covered": 76.47058823529412, "percent_statements_covered_display": "76", "num_branches": 18, "num_partial_branches": 9, "covered_branches": 9, "missing_branches": 9, "percent_branches_covered": 50.0, "percent_branches_covered_display": "50"}, "missing_lines": [44, 86, 125, 145, 146, 164, 184, 185, 205, 209, 213, 246, 265, 285, 287, 309], "excluded_lines": [], "start_line": 1, "executed_branches": [[43, 46], [85, 88], [124, 127], [163, 166], [204, 208], [208, 212], [212, 215], [264, 267], [308, 311]], "missing_branches": [[43, 44], [85, 86], [124, 125], [163, 164], [204, 205], [208, 209], [212, 213], [264, 265], [308, 309]]}}}, "functions\\homepage_service.py": {"executed_lines": [], "summary": {"covered_lines": 0, "num_statements": 9, "percent_covered": 0.0, "percent_covered_display": "0", "missing_lines": 9, "excluded_lines": 0, "percent_statements_covered": 0.0, "percent_statements_covered_display": "0", "num_branches": 0, "num_partial_branches": 0, "covered_branches": 0, "missing_branches": 0, "percent_branches_covered": 100.0, "percent_branches_covered_display": "100"}, "missing_lines": [19, 21, 22, 29, 39, 45, 53, 63, 70], "excluded_lines": [], "executed_branches": [], "missing_branches": [], "functions": {"": {"executed_lines": [], "summary": {"covered_lines": 0, "num_statements": 9, "percent_covered": 0.0, "percent_covered_display": "0", "missing_lines": 9, "excluded_lines": 0, "percent_statements_covered": 0.0, "percent_statements_covered_display": "0", "num_branches": 0, "num_partial_branches": 0, "covered_branches": 0, "missing_branches": 0, "percent_branches_covered": 100.0, "percent_branches_covered_display": "100"}, "missing_lines": [19, 21, 22, 29, 39, 45, 53, 63, 70], "excluded_lines": [], "start_line": 1, "executed_branches": [], "missing_branches": []}}, "classes": {"": {"executed_lines": [], "summary": {"covered_lines": 0, "num_statements": 9, "percent_covered": 0.0, "percent_covered_display": "0", "missing_lines": 9, "excluded_lines": 0, "percent_statements_covered": 0.0, "percent_statements_covered_display": "0", "num_branches": 0, "num_partial_branches": 0, "covered_branches": 0, "missing_branches": 0, "percent_branches_covered": 100.0, "percent_branches_covered_display": "100"}, "missing_lines": [19, 21, 22, 29, 39, 45, 53, 63, 70], "excluded_lines": [], "start_line": 1, "executed_branches": [], "missing_branches": []}}}, "functions\\landing_service.py": {"executed_lines": [1, 2, 3, 4, 7, 9, 11], "summary": {"covered_lines": 7, "num_statements": 7, "percent_covered": 100.0, "percent_covered_display": "100", "missing_lines": 0, "excluded_lines": 0, "percent_statements_covered": 100.0, "percent_statements_covered_display": "100", "num_branches": 0, "num_partial_branches": 0, "covered_branches": 0, "missing_branches": 0, "percent_branches_covered": 100.0, "percent_branches_covered_display": "100"}, "missing_lines": [], "excluded_lines": [], "executed_branches": [], "missing_branches": [], "functions": {"": {"executed_lines": [1, 2, 3, 4, 7, 9, 11], "summary": {"covered_lines": 7, "num_statements": 7, "percent_covered": 100.0, "percent_covered_display": "100", "missing_lines": 0, "excluded_lines": 0, "percent_statements_covered": 100.0, "percent_statements_covered_display": "100", "num_branches": 0, "num_partial_branches": 0, "covered_branches": 0, "missing_branches": 0, "percent_branches_covered": 100.0, "percent_branches_covered_display": "100"}, "missing_lines": [], "excluded_lines": [], "start_line": 1, "executed_branches": [], "missing_branches": []}}, "classes": {"": {"executed_lines": [1, 2, 3, 4, 7, 9, 11], "summary": {"covered_lines": 7, "num_statements": 7, "percent_covered": 100.0, "percent_covered_display": "100", "missing_lines": 0, "excluded_lines": 0, "percent_statements_covered": 100.0, "percent_statements_covered_display": "100", "num_branches": 0, "num_partial_branches": 0, "covered_branches": 0, "missing_branches": 0, "percent_branches_covered": 100.0, "percent_branches_covered_display": "100"}, "missing_lines": [], "excluded_lines": [], "start_line": 1, "executed_branches": [], "missing_branches": []}}}, "functions\\node_shape_metrics.py": {"executed_lines": [1, 2, 3, 4, 5, 6, 7, 8, 10, 12, 28, 43, 45, 48, 50, 59, 60, 63, 64, 65, 66, 67, 69, 70, 73, 90, 91, 92, 94, 97, 104, 112, 113, 116, 119, 120, 121, 124, 127, 136, 137, 140, 142, 143, 146, 160, 163, 170, 178, 180, 181, 184, 186, 189, 190, 191, 194, 197, 207, 208, 211, 213, 214, 223, 236, 239, 242, 251, 253, 255, 258, 260, 261, 267, 281, 285, 293, 294, 299, 302, 303, 306, 309, 318, 319, 324, 326], "summary": {"covered_lines": 87, "num_statements": 102, "percent_covered": 83.33333333333333, "percent_covered_display": "83", "missing_lines": 15, "excluded_lines": 0, "percent_statements_covered": 85.29411764705883, "percent_statements_covered_display": "85", "num_branches": 18, "num_partial_branches": 5, "covered_branches": 13, "missing_branches": 5, "percent_branches_covered": 72.22222222222223, "percent_branches_covered_display": "72"}, "missing_lines": [46, 95, 161, 215, 216, 220, 237, 262, 263, 264, 282, 295, 296, 320, 321], "excluded_lines": [], "executed_branches": [[45, 48], [64, 65], [64, 69], [94, 97], [119, 120], [119, 124], [160, 163], [189, 190], [189, 194], [236, 239], [281, 285], [302, 303], [302, 306]], "missing_branches": [[45, 46], [94, 95], [160, 161], [236, 237], [281, 282]], "functions": {"get_property_to_node_map": {"executed_lines": [43, 45, 48, 50, 59, 60, 63, 64, 65, 66, 67, 69, 70], "summary": {"covered_lines": 13, "num_statements": 14, "percent_covered": 88.88888888888889, "percent_covered_display": "89", "missing_lines": 1, "excluded_lines": 0, "percent_statements_covered": 92.85714285714286, "percent_statements_covered_display": "93", "num_branches": 4, "num_partial_branches": 1, "covered_branches": 3, "missing_branches": 1, "percent_branches_covered": 75.0, "percent_branches_covered_display": "75"}, "missing_lines": [46], "excluded_lines": [], "start_line": 28, "executed_branches": [[45, 48], [64, 65], [64, 69]], "missing_branches": [[45, 46]]}, "get_number_of_violations_for_node_shape": {"executed_lines": [90, 91, 92, 94, 97, 104, 112, 113, 116, 119, 120, 121, 124, 127, 136, 137, 140, 142, 143], "summary": {"covered_lines": 19, "num_statements": 20, "percent_covered": 91.66666666666667, "percent_covered_display": "92", "missing_lines": 1, "excluded_lines": 0, "percent_statements_covered": 95.0, "percent_statements_covered_display": "95", "num_branches": 4, "num_partial_branches": 1, "covered_branches": 3, "missing_branches": 1, "percent_branches_covered": 75.0, "percent_branches_covered_display": "75"}, "missing_lines": [95], "excluded_lines": [], "start_line": 73, "executed_branches": [[94, 97], [119, 120], [119, 124]], "missing_branches": [[94, 95]]}, "get_number_of_violated_focus_for_node_shape": {"executed_lines": [160, 163, 170, 178, 180, 181, 184, 186, 189, 190, 191, 194, 197, 207, 208, 211, 213, 214], "summary": {"covered_lines": 18, "num_statements": 22, "percent_covered": 80.76923076923077, "percent_covered_display": "81", "missing_lines": 4, "excluded_lines": 0, "percent_statements_covered": 81.81818181818181, "percent_statements_covered_display": "82", "num_branches": 4, "num_partial_branches": 1, "covered_branches": 3, "missing_branches": 1, "percent_branches_covered": 75.0, "percent_branches_covered_display": "75"}, "missing_lines": [161, 215, 216, 220], "excluded_lines": [], "start_line": 146, "executed_branches": [[160, 163], [189, 190], [189, 194]], "missing_branches": [[160, 161]]}, "get_number_of_property_paths_for_node_shape": {"executed_lines": [236, 239, 242, 251, 253, 255, 258, 260, 261], "summary": {"covered_lines": 9, "num_statements": 13, "percent_covered": 66.66666666666667, "percent_covered_display": "67", "missing_lines": 4, "excluded_lines": 0, "percent_statements_covered": 69.23076923076923, "percent_statements_covered_display": "69", "num_branches": 2, "num_partial_branches": 1, "covered_branches": 1, "missing_branches": 1, "percent_branches_covered": 50.0, "percent_branches_covered_display": "50"}, "missing_lines": [237, 262, 263, 264], "excluded_lines": [], "start_line": 223, "executed_branches": [[236, 239]], "missing_branches": [[236, 237]]}, "get_number_of_constraints_for_node_shape": {"executed_lines": [281, 285, 293, 294, 299, 302, 303, 306, 309, 318, 319, 324, 326], "summary": {"covered_lines": 13, "num_statements": 18, "percent_covered": 72.72727272727273, "percent_covered_display": "73", "missing_lines": 5, "excluded_lines": 0, "percent_statements_covered": 72.22222222222223, "percent_statements_covered_display": "72", "num_branches": 4, "num_partial_branches": 1, "covered_branches": 3, "missing_branches": 1, "percent_branches_covered": 75.0, "percent_branches_covered_display": "75"}, "missing_lines": [282, 295, 296, 320, 321], "excluded_lines": [], "start_line": 267, "executed_branches": [[281, 285], [302, 303], [302, 306]], "missing_branches": [[281, 282]]}, "": {"executed_lines": [1, 2, 3, 4, 5, 6, 7, 8, 10, 12, 28, 73, 146, 223, 267], "summary": {"covered_lines": 15, "num_statements": 15, "percent_covered": 100.0, "percent_covered_display": "100", "missing_lines": 0, "excluded_lines": 0, "percent_statements_covered": 100.0, "percent_statements_covered_display": "100", "num_branches": 0, "num_partial_branches": 0, "covered_branches": 0, "missing_branches": 0, "percent_branches_covered": 100.0, "percent_branches_covered_display": "100"}, "missing_lines": [], "excluded_lines": [], "start_line": 1, "executed_branches": [], "missing_branches": []}}, "classes": {"": {"executed_lines": [1, 2, 3, 4, 5, 6, 7, 8, 10, 12, 28, 43, 45, 48, 50, 59, 60, 63, 64, 65, 66, 67, 69, 70, 73, 90, 91, 92, 94, 97, 104, 112, 113, 116, 119, 120, 121, 124, 127, 136, 137, 140, 142, 143, 146, 160, 163, 170, 178, 180, 181, 184, 186, 189, 190, 191, 194, 197, 207, 208, 211, 213, 214, 223, 236, 239, 242, 251, 253, 255, 258, 260, 261, 267, 281, 285, 293, 294, 299, 302, 303, 306, 309, 318, 319, 324, 326], "summary": {"covered_lines": 87, "num_statements": 102, "percent_covered": 83.33333333333333, "percent_covered_display": "83", "missing_lines": 15, "excluded_lines": 0, "percent_statements_covered": 85.29411764705883, "percent_statements_covered_display": "85", "num_branches": 18, "num_partial_branches": 5, "covered_branches": 13, "missing_branches": 5, "percent_branches_covered": 72.22222222222223, "percent_branches_covered_display": "72"}, "missing_lines": [46, 95, 161, 215, 216, 220, 237, 262, 263, 264, 282, 295, 296, 320, 321], "excluded_lines": [], "start_line": 1, "executed_branches": [[45, 48], [64, 65], [64, 69], [94, 97], [119, 120], [119, 124], [160, 163], [189, 190], [189, 194], [236, 239], [281, 285], [302, 303], [302, 306]], "missing_branches": [[45, 46], [94, 95], [160, 161], [236, 237], [281, 282]]}}}, "functions\\prefix_utils.py": {"executed_lines": [14, 15, 16, 17, 19, 22, 27, 32, 35, 110, 140, 152, 162, 172], "summary": {"covered_lines": 14, "num_statements": 119, "percent_covered": 8.187134502923977, "percent_covered_display": "8", "missing_lines": 105, "excluded_lines": 0, "percent_statements_covered": 11.764705882352942, "percent_statements_covered_display": "12", "num_branches": 52, "num_partial_branches": 0, "covered_branches": 0, "missing_branches": 52, "percent_branches_covered": 0.0, "percent_branches_covered_display": "0"}, "missing_lines": [54, 58, 60, 62, 63, 64, 66, 67, 68, 70, 73, 74, 77, 78, 79, 80, 81, 82, 85, 86, 87, 88, 89, 90, 94, 95, 97, 98, 100, 102, 103, 104, 105, 106, 107, 125, 127, 128, 129, 130, 131, 134, 135, 137, 148, 149, 159, 168, 169, 189, 190, 193, 194, 206, 209, 210, 228, 229, 234, 235, 237, 238, 239, 240, 242, 244, 245, 248, 249, 251, 252, 253, 254, 256, 257, 260, 261, 263, 265, 266, 267, 272, 273, 275, 276, 278, 279, 281, 282, 286, 287, 288, 289, 290, 293, 294, 295, 296, 297, 300, 301, 302, 303, 305, 306], "excluded_lines": [], "executed_branches": [], "missing_branches": [[66, 67], [66, 100], [67, 68], [67, 70], [73, 74], [73, 77], [78, 79], [78, 85], [86, 87], [86, 94], [94, 66], [94, 95], [97, 66], [97, 98], [127, 128], [127, 134], [128, 127], [128, 129], [134, 135], [134, 137], [193, 194], [193, 206], [209, 210], [209, 248], [237, 238], [237, 242], [238, 237], [238, 239], [249, 251], [249, 260], [251, 252], [251, 253], [253, 254], [253, 256], [263, 265], [263, 305], [265, 266], [265, 272], [272, 273], [272, 275], [275, 276], [275, 278], [278, 279], [278, 281], [281, 282], [281, 286], [287, 288], [287, 293], [294, 295], [294, 300], [301, 263], [301, 302]], "functions": {"extract_prefixes_from_turtle_file": {"executed_lines": [], "summary": {"covered_lines": 0, "num_statements": 35, "percent_covered": 0.0, "percent_covered_display": "0", "missing_lines": 35, "excluded_lines": 0, "percent_statements_covered": 0.0, "percent_statements_covered_display": "0", "num_branches": 14, "num_partial_branches": 0, "covered_branches": 0, "missing_branches": 14, "percent_branches_covered": 0.0, "percent_branches_covered_display": "0"}, "missing_lines": [54, 58, 60, 62, 63, 64, 66, 67, 68, 70, 73, 74, 77, 78, 79, 80, 81, 82, 85, 86, 87, 88, 89, 90, 94, 95, 97, 98, 100, 102, 103, 104, 105, 106, 107], "excluded_lines": [], "start_line": 35, "executed_branches": [], "missing_branches": [[66, 67], [66, 100], [67, 68], [67, 70], [73, 74], [73, 77], [78, 79], [78, 85], [86, 87], [86, 94], [94, 66], [94, 95], [97, 66], [97, 98]]}, "extract_and_merge_prefixes": {"executed_lines": [], "summary": {"covered_lines": 0, "num_statements": 9, "percent_covered": 0.0, "percent_covered_display": "0", "missing_lines": 9, "excluded_lines": 0, "percent_statements_covered": 0.0, "percent_statements_covered_display": "0", "num_branches": 6, "num_partial_branches": 0, "covered_branches": 0, "missing_branches": 6, "percent_branches_covered": 0.0, "percent_branches_covered_display": "0"}, "missing_lines": [125, 127, 128, 129, 130, 131, 134, 135, 137], "excluded_lines": [], "start_line": 110, "executed_branches": [], "missing_branches": [[127, 128], [127, 134], [128, 127], [128, 129], [134, 135], [134, 137]]}, "cache_prefixes": {"executed_lines": [], "summary": {"covered_lines": 0, "num_statements": 2, "percent_covered": 0.0, "percent_covered_display": "0", "missing_lines": 2, "excluded_lines": 0, "percent_statements_covered": 0.0, "percent_statements_covered_display": "0", "num_branches": 0, "num_partial_branches": 0, "covered_branches": 0, "missing_branches": 0, "percent_branches_covered": 100.0, "percent_branches_covered_display": "100"}, "missing_lines": [148, 149], "excluded_lines": [], "start_line": 140, "executed_branches": [], "missing_branches": []}, "get_cached_prefixes": {"executed_lines": [], "summary": {"covered_lines": 0, "num_statements": 1, "percent_covered": 0.0, "percent_covered_display": "0", "missing_lines": 1, "excluded_lines": 0, "percent_statements_covered": 0.0, "percent_statements_covered_display": "0", "num_branches": 0, "num_partial_branches": 0, "covered_branches": 0, "missing_branches": 0, "percent_branches_covered": 100.0, "percent_branches_covered_display": "100"}, "missing_lines": [159], "excluded_lines": [], "start_line": 152, "executed_branches": [], "missing_branches": []}, "clear_prefix_cache": {"executed_lines": [], "summary": {"covered_lines": 0, "num_statements": 2, "percent_covered": 0.0, "percent_covered_display": "0", "missing_lines": 2, "excluded_lines": 0, "percent_statements_covered": 0.0, "percent_statements_covered_display": "0", "num_branches": 0, "num_partial_branches": 0, "covered_branches": 0, "missing_branches": 0, "percent_branches_covered": 100.0, "percent_branches_covered_display": "100"}, "missing_lines": [168, 169], "excluded_lines": [], "start_line": 162, "executed_branches": [], "missing_branches": []}, "extract_prefixes_from_sparql_graphs": {"executed_lines": [], "summary": {"covered_lines": 0, "num_statements": 56, "percent_covered": 0.0, "percent_covered_display": "0", "missing_lines": 56, "excluded_lines": 0, "percent_statements_covered": 0.0, "percent_statements_covered_display": "0", "num_branches": 32, "num_partial_branches": 0, "covered_branches": 0, "missing_branches": 32, "percent_branches_covered": 0.0, "percent_branches_covered_display": "0"}, "missing_lines": [189, 190, 193, 194, 206, 209, 210, 228, 229, 234, 235, 237, 238, 239, 240, 242, 244, 245, 248, 249, 251, 252, 253, 254, 256, 257, 260, 261, 263, 265, 266, 267, 272, 273, 275, 276, 278, 279, 281, 282, 286, 287, 288, 289, 290, 293, 294, 295, 296, 297, 300, 301, 302, 303, 305, 306], "excluded_lines": [], "start_line": 172, "executed_branches": [], "missing_branches": [[193, 194], [193, 206], [209, 210], [209, 248], [237, 238], [237, 242], [238, 237], [238, 239], [249, 251], [249, 260], [251, 252], [251, 253], [253, 254], [253, 256], [263, 265], [263, 305], [265, 266], [265, 272], [272, 273], [272, 275], [275, 276], [275, 278], [278, 279], [278, 281], [281, 282], [281, 286], [287, 288], [287, 293], [294, 295], [294, 300], [301, 263], [301, 302]]}, "": {"executed_lines": [14, 15, 16, 17, 19, 22, 27, 32, 35, 110, 140, 152, 162, 172], "summary": {"covered_lines": 14, "num_statements": 14, "percent_covered": 100.0, "percent_covered_display": "100", "missing_lines": 0, "excluded_lines": 0, "percent_statements_covered": 100.0, "percent_statements_covered_display": "100", "num_branches": 0, "num_partial_branches": 0, "covered_branches": 0, "missing_branches": 0, "percent_branches_covered": 100.0, "percent_branches_covered_display": "100"}, "missing_lines": [], "excluded_lines": [], "start_line": 1, "executed_branches": [], "missing_branches": []}}, "classes": {"": {"executed_lines": [14, 15, 16, 17, 19, 22, 27, 32, 35, 110, 140, 152, 162, 172], "summary": {"covered_lines": 14, "num_statements": 119, "percent_covered": 8.187134502923977, "percent_covered_display": "8", "missing_lines": 105, "excluded_lines": 0, "percent_statements_covered": 11.764705882352942, "percent_statements_covered_display": "12", "num_branches": 52, "num_partial_branches": 0, "covered_branches": 0, "missing_branches": 52, "percent_branches_covered": 0.0, "percent_branches_covered_display": "0"}, "missing_lines": [54, 58, 60, 62, 63, 64, 66, 67, 68, 70, 73, 74, 77, 78, 79, 80, 81, 82, 85, 86, 87, 88, 89, 90, 94, 95, 97, 98, 100, 102, 103, 104, 105, 106, 107, 125, 127, 128, 129, 130, 131, 134, 135, 137, 148, 149, 159, 168, 169, 189, 190, 193, 194, 206, 209, 210, 228, 229, 234, 235, 237, 238, 239, 240, 242, 244, 245, 248, 249, 251, 252, 253, 254, 256, 257, 260, 261, 263, 265, 266, 267, 272, 273, 275, 276, 278, 279, 281, 282, 286, 287, 288, 289, 290, 293, 294, 295, 296, 297, 300, 301, 302, 303, 305, 306], "excluded_lines": [], "start_line": 1, "executed_branches": [], "missing_branches": [[66, 67], [66, 100], [67, 68], [67, 70], [73, 74], [73, 77], [78, 79], [78, 85], [86, 87], [86, 94], [94, 66], [94, 95], [97, 66], [97, 98], [127, 128], [127, 134], [128, 127], [128, 129], [134, 135], [134, 137], [193, 194], [193, 206], [209, 210], [209, 248], [237, 238], [237, 242], [238, 237], [238, 239], [249, 251], [249, 260], [251, 252], [251, 253], [253, 254], [253, 256], [263, 265], [263, 305], [265, 266], [265, 272], [272, 273], [272, 275], [275, 276], [275, 278], [278, 279], [278, 281], [281, 282], [281, 286], [287, 288], [287, 293], [294, 295], [294, 300], [301, 263], [301, 302]]}}}, "functions\\property_shape_operations.py": {"executed_lines": [1, 2, 3, 4, 5, 6, 7, 8, 10, 12, 29, 156, 239, 400, 460, 510], "summary": {"covered_lines": 16, "num_statements": 139, "percent_covered": 9.03954802259887, "percent_covered_display": "9", "missing_lines": 123, "excluded_lines": 0, "percent_statements_covered": 11.510791366906474, "percent_statements_covered_display": "12", "num_branches": 38, "num_partial_branches": 0, "covered_branches": 0, "missing_branches": 38, "percent_branches_covered": 0.0, "percent_branches_covered_display": "0"}, "missing_lines": [49, 50, 51, 52, 54, 55, 60, 67, 68, 69, 70, 72, 73, 74, 75, 78, 81, 82, 85, 88, 90, 103, 105, 113, 128, 139, 140, 146, 153, 175, 176, 179, 187, 188, 189, 190, 193, 196, 197, 200, 203, 205, 215, 216, 217, 218, 221, 230, 231, 236, 261, 262, 265, 276, 279, 280, 281, 282, 283, 285, 286, 287, 288, 289, 290, 291, 294, 308, 309, 310, 311, 313, 314, 315, 316, 319, 320, 321, 322, 323, 324, 325, 326, 329, 345, 359, 374, 385, 386, 391, 422, 423, 426, 434, 435, 436, 437, 439, 442, 443, 444, 452, 454, 472, 473, 477, 480, 493, 494, 495, 496, 499, 507, 527, 528, 531, 534, 546, 547, 548, 549, 552, 560], "excluded_lines": [], "executed_branches": [], "missing_branches": [[54, 55], [54, 60], [67, 68], [67, 69], [69, 70], [69, 72], [81, 82], [81, 85], [88, 90], [88, 153], [103, 105], [103, 113], [175, 176], [175, 179], [196, 197], [196, 200], [203, 205], [203, 236], [230, 203], [230, 231], [261, 262], [261, 265], [285, 286], [285, 294], [308, 309], [308, 310], [310, 311], [310, 313], [320, 321], [320, 345], [422, 423], [422, 426], [443, 444], [443, 454], [472, 473], [472, 477], [527, 528], [527, 531]], "functions": {"get_property_shapes": {"executed_lines": [], "summary": {"covered_lines": 0, "num_statements": 29, "percent_covered": 0.0, "percent_covered_display": "0", "missing_lines": 29, "excluded_lines": 0, "percent_statements_covered": 0.0, "percent_statements_covered_display": "0", "num_branches": 12, "num_partial_branches": 0, "covered_branches": 0, "missing_branches": 12, "percent_branches_covered": 0.0, "percent_branches_covered_display": "0"}, "missing_lines": [49, 50, 51, 52, 54, 55, 60, 67, 68, 69, 70, 72, 73, 74, 75, 78, 81, 82, 85, 88, 90, 103, 105, 113, 128, 139, 140, 146, 153], "excluded_lines": [], "start_line": 29, "executed_branches": [], "missing_branches": [[54, 55], [54, 60], [67, 68], [67, 69], [69, 70], [69, 72], [81, 82], [81, 85], [88, 90], [88, 153], [103, 105], [103, 113]]}, "get_number_of_violations_per_constraint_type_for_property_shape": {"executed_lines": [], "summary": {"covered_lines": 0, "num_statements": 21, "percent_covered": 0.0, "percent_covered_display": "0", "missing_lines": 21, "excluded_lines": 0, "percent_statements_covered": 0.0, "percent_statements_covered_display": "0", "num_branches": 8, "num_partial_branches": 0, "covered_branches": 0, "missing_branches": 8, "percent_branches_covered": 0.0, "percent_branches_covered_display": "0"}, "missing_lines": [175, 176, 179, 187, 188, 189, 190, 193, 196, 197, 200, 203, 205, 215, 216, 217, 218, 221, 230, 231, 236], "excluded_lines": [], "start_line": 156, "executed_branches": [], "missing_branches": [[175, 176], [175, 179], [196, 197], [196, 200], [203, 205], [203, 236], [230, 203], [230, 231]]}, "get_property_shape_with_violations": {"executed_lines": [], "summary": {"covered_lines": 0, "num_statements": 40, "percent_covered": 0.0, "percent_covered_display": "0", "missing_lines": 40, "excluded_lines": 0, "percent_statements_covered": 0.0, "percent_statements_covered_display": "0", "num_branches": 10, "num_partial_branches": 0, "covered_branches": 0, "missing_branches": 10, "percent_branches_covered": 0.0, "percent_branches_covered_display": "0"}, "missing_lines": [261, 262, 265, 276, 279, 280, 281, 282, 283, 285, 286, 287, 288, 289, 290, 291, 294, 308, 309, 310, 311, 313, 314, 315, 316, 319, 320, 321, 322, 323, 324, 325, 326, 329, 345, 359, 374, 385, 386, 391], "excluded_lines": [], "start_line": 239, "executed_branches": [], "missing_branches": [[261, 262], [261, 265], [285, 286], [285, 294], [308, 309], [308, 310], [310, 311], [310, 313], [320, 321], [320, 345]]}, "get_node_shape_with_violations": {"executed_lines": [], "summary": {"covered_lines": 0, "num_statements": 13, "percent_covered": 0.0, "percent_covered_display": "0", "missing_lines": 13, "excluded_lines": 0, "percent_statements_covered": 0.0, "percent_statements_covered_display": "0", "num_branches": 4, "num_partial_branches": 0, "covered_branches": 0, "missing_branches": 4, "percent_branches_covered": 0.0, "percent_branches_covered_display": "0"}, "missing_lines": [422, 423, 426, 434, 435, 436, 437, 439, 442, 443, 444, 452, 454], "excluded_lines": [], "start_line": 400, "executed_branches": [], "missing_branches": [[422, 423], [422, 426], [443, 444], [443, 454]]}, "get_total_constraints_count_per_node_shape": {"executed_lines": [], "summary": {"covered_lines": 0, "num_statements": 10, "percent_covered": 0.0, "percent_covered_display": "0", "missing_lines": 10, "excluded_lines": 0, "percent_statements_covered": 0.0, "percent_statements_covered_display": "0", "num_branches": 2, "num_partial_branches": 0, "covered_branches": 0, "missing_branches": 2, "percent_branches_covered": 0.0, "percent_branches_covered_display": "0"}, "missing_lines": [472, 473, 477, 480, 493, 494, 495, 496, 499, 507], "excluded_lines": [], "start_line": 460, "executed_branches": [], "missing_branches": [[472, 473], [472, 477]]}, "get_constraints_count_for_property_shapes": {"executed_lines": [], "summary": {"covered_lines": 0, "num_statements": 10, "percent_covered": 0.0, "percent_covered_display": "0", "missing_lines": 10, "excluded_lines": 0, "percent_statements_covered": 0.0, "percent_statements_covered_display": "0", "num_branches": 2, "num_partial_branches": 0, "covered_branches": 0, "missing_branches": 2, "percent_branches_covered": 0.0, "percent_branches_covered_display": "0"}, "missing_lines": [527, 528, 531, 534, 546, 547, 548, 549, 552, 560], "excluded_lines": [], "start_line": 510, "executed_branches": [], "missing_branches": [[527, 528], [527, 531]]}, "": {"executed_lines": [1, 2, 3, 4, 5, 6, 7, 8, 10, 12, 29, 156, 239, 400, 460, 510], "summary": {"covered_lines": 16, "num_statements": 16, "percent_covered": 100.0, "percent_covered_display": "100", "missing_lines": 0, "excluded_lines": 0, "percent_statements_covered": 100.0, "percent_statements_covered_display": "100", "num_branches": 0, "num_partial_branches": 0, "covered_branches": 0, "missing_branches": 0, "percent_branches_covered": 100.0, "percent_branches_covered_display": "100"}, "missing_lines": [], "excluded_lines": [], "start_line": 1, "executed_branches": [], "missing_branches": []}}, "classes": {"": {"executed_lines": [1, 2, 3, 4, 5, 6, 7, 8, 10, 12, 29, 156, 239, 400, 460, 510], "summary": {"covered_lines": 16, "num_statements": 139, "percent_covered": 9.03954802259887, "percent_covered_display": "9", "missing_lines": 123, "excluded_lines": 0, "percent_statements_covered": 11.510791366906474, "percent_statements_covered_display": "12", "num_branches": 38, "num_partial_branches": 0, "covered_branches": 0, "missing_branches": 38, "percent_branches_covered": 0.0, "percent_branches_covered_display": "0"}, "missing_lines": [49, 50, 51, 52, 54, 55, 60, 67, 68, 69, 70, 72, 73, 74, 75, 78, 81, 82, 85, 88, 90, 103, 105, 113, 128, 139, 140, 146, 153, 175, 176, 179, 187, 188, 189, 190, 193, 196, 197, 200, 203, 205, 215, 216, 217, 218, 221, 230, 231, 236, 261, 262, 265, 276, 279, 280, 281, 282, 283, 285, 286, 287, 288, 289, 290, 291, 294, 308, 309, 310, 311, 313, 314, 315, 316, 319, 320, 321, 322, 323, 324, 325, 326, 329, 345, 359, 374, 385, 386, 391, 422, 423, 426, 434, 435, 436, 437, 439, 442, 443, 444, 452, 454, 472, 473, 477, 480, 493, 494, 495, 496, 499, 507, 527, 528, 531, 534, 546, 547, 548, 549, 552, 560], "excluded_lines": [], "start_line": 1, "executed_branches": [], "missing_branches": [[54, 55], [54, 60], [67, 68], [67, 69], [69, 70], [69, 72], [81, 82], [81, 85], [88, 90], [88, 153], [103, 105], [103, 113], [175, 176], [175, 179], [196, 197], [196, 200], [203, 205], [203, 236], [230, 203], [230, 231], [261, 262], [261, 265], [285, 286], [285, 294], [308, 309], [308, 310], [310, 311], [310, 313], [320, 321], [320, 345], [422, 423], [422, 426], [443, 444], [443, 454], [472, 473], [472, 477], [527, 528], [527, 531]]}}}, "functions\\service_test.py": {"executed_lines": [], "summary": {"covered_lines": 0, "num_statements": 9, "percent_covered": 0.0, "percent_covered_display": "0", "missing_lines": 9, "excluded_lines": 0, "percent_statements_covered": 0.0, "percent_statements_covered_display": "0", "num_branches": 0, "num_partial_branches": 0, "covered_branches": 0, "missing_branches": 0, "percent_branches_covered": 100.0, "percent_branches_covered_display": "100"}, "missing_lines": [1, 2, 3, 4, 5, 6, 8, 35, 36], "excluded_lines": [], "executed_branches": [], "missing_branches": [], "functions": {"": {"executed_lines": [], "summary": {"covered_lines": 0, "num_statements": 9, "percent_covered": 0.0, "percent_covered_display": "0", "missing_lines": 9, "excluded_lines": 0, "percent_statements_covered": 0.0, "percent_statements_covered_display": "0", "num_branches": 0, "num_partial_branches": 0, "covered_branches": 0, "missing_branches": 0, "percent_branches_covered": 100.0, "percent_branches_covered_display": "100"}, "missing_lines": [1, 2, 3, 4, 5, 6, 8, 35, 36], "excluded_lines": [], "start_line": 1, "executed_branches": [], "missing_branches": []}}, "classes": {"": {"executed_lines": [], "summary": {"covered_lines": 0, "num_statements": 9, "percent_covered": 0.0, "percent_covered_display": "0", "missing_lines": 9, "excluded_lines": 0, "percent_statements_covered": 0.0, "percent_statements_covered_display": "0", "num_branches": 0, "num_partial_branches": 0, "covered_branches": 0, "missing_branches": 0, "percent_branches_covered": 100.0, "percent_branches_covered_display": "100"}, "missing_lines": [1, 2, 3, 4, 5, 6, 8, 35, 36], "excluded_lines": [], "start_line": 1, "executed_branches": [], "missing_branches": []}}}, "functions\\shape_analytics.py": {"executed_lines": [1, 2, 3, 4, 5, 6, 7, 8, 10, 12, 27, 152, 169, 333], "summary": {"covered_lines": 14, "num_statements": 190, "percent_covered": 5.46875, "percent_covered_display": "5", "missing_lines": 176, "excluded_lines": 1, "percent_statements_covered": 7.368421052631579, "percent_statements_covered_display": "7", "num_branches": 66, "num_partial_branches": 0, "covered_branches": 0, "missing_branches": 66, "percent_branches_covered": 0.0, "percent_branches_covered_display": "0"}, "missing_lines": [54, 59, 101, 105, 106, 109, 110, 111, 112, 113, 114, 115, 118, 119, 121, 131, 132, 133, 136, 137, 138, 141, 162, 163, 164, 165, 166, 192, 203, 204, 205, 206, 209, 210, 212, 213, 214, 216, 217, 219, 220, 223, 224, 225, 227, 228, 229, 231, 242, 243, 244, 245, 247, 248, 249, 251, 252, 254, 255, 256, 257, 258, 261, 263, 264, 265, 267, 280, 281, 282, 283, 285, 286, 287, 288, 290, 291, 293, 294, 295, 296, 299, 301, 302, 303, 304, 306, 308, 311, 312, 313, 314, 317, 319, 324, 326, 328, 329, 330, 350, 367, 368, 369, 370, 372, 374, 375, 376, 379, 380, 382, 383, 384, 385, 387, 397, 398, 399, 411, 412, 413, 415, 416, 417, 418, 419, 422, 423, 424, 426, 427, 429, 430, 431, 433, 449, 450, 451, 452, 454, 455, 456, 457, 458, 460, 461, 462, 464, 465, 466, 468, 469, 470, 473, 474, 475, 476, 478, 479, 480, 481, 483, 484, 486, 487, 489, 490, 491, 494, 495, 496, 500, 511, 513, 514, 515], "excluded_lines": [173], "executed_branches": [], "missing_branches": [[110, 111], [110, 118], [113, 110], [113, 114], [119, 121], [119, 131], [136, 137], [136, 141], [163, 164], [163, 165], [212, 213], [212, 223], [216, 217], [216, 219], [227, 228], [227, 261], [247, 227], [247, 248], [251, 252], [251, 254], [254, 247], [254, 255], [263, 264], [263, 299], [285, 263], [285, 286], [290, 291], [290, 293], [301, 302], [301, 326], [306, 308], [306, 317], [311, 306], [311, 312], [312, 306], [312, 313], [367, 368], [367, 369], [369, 370], [369, 372], [382, 383], [382, 397], [397, 398], [397, 422], [415, 416], [415, 422], [422, 423], [422, 494], [429, 430], [429, 473], [454, 429], [454, 455], [460, 461], [460, 464], [473, 474], [473, 494], [478, 479], [478, 486], [479, 478], [479, 480], [483, 478], [483, 484], [489, 473], [489, 490], [495, 496], [495, 511]], "functions": {"get_distribution_of_violations_per_constraint": {"executed_lines": [], "summary": {"covered_lines": 0, "num_statements": 22, "percent_covered": 0.0, "percent_covered_display": "0", "missing_lines": 22, "excluded_lines": 0, "percent_statements_covered": 0.0, "percent_statements_covered_display": "0", "num_branches": 8, "num_partial_branches": 0, "covered_branches": 0, "missing_branches": 8, "percent_branches_covered": 0.0, "percent_branches_covered_display": "0"}, "missing_lines": [54, 59, 101, 105, 106, 109, 110, 111, 112, 113, 114, 115, 118, 119, 121, 131, 132, 133, 136, 137, 138, 141], "excluded_lines": [], "start_line": 27, "executed_branches": [], "missing_branches": [[110, 111], [110, 118], [113, 110], [113, 114], [119, 121], [119, 131], [136, 137], [136, 141]]}, "calculate_shannon_entropy": {"executed_lines": [], "summary": {"covered_lines": 0, "num_statements": 5, "percent_covered": 0.0, "percent_covered_display": "0", "missing_lines": 5, "excluded_lines": 0, "percent_statements_covered": 0.0, "percent_statements_covered_display": "0", "num_branches": 2, "num_partial_branches": 0, "covered_branches": 0, "missing_branches": 2, "percent_branches_covered": 0.0, "percent_branches_covered_display": "0"}, "missing_lines": [162, 163, 164, 165, 166], "excluded_lines": [], "start_line": 152, "executed_branches": [], "missing_branches": [[163, 164], [163, 165]]}, "get_correlation_of_constraints_and_violations": {"executed_lines": [], "summary": {"covered_lines": 0, "num_statements": 72, "percent_covered": 0.0, "percent_covered_display": "0", "missing_lines": 72, "excluded_lines": 1, "percent_statements_covered": 0.0, "percent_statements_covered_display": "0", "num_branches": 26, "num_partial_branches": 0, "covered_branches": 0, "missing_branches": 26, "percent_branches_covered": 0.0, "percent_branches_covered_display": "0"}, "missing_lines": [192, 203, 204, 205, 206, 209, 210, 212, 213, 214, 216, 217, 219, 220, 223, 224, 225, 227, 228, 229, 231, 242, 243, 244, 245, 247, 248, 249, 251, 252, 254, 255, 256, 257, 258, 261, 263, 264, 265, 267, 280, 281, 282, 283, 285, 286, 287, 288, 290, 291, 293, 294, 295, 296, 299, 301, 302, 303, 304, 306, 308, 311, 312, 313, 314, 317, 319, 324, 326, 328, 329, 330], "excluded_lines": [173], "start_line": 169, "executed_branches": [], "missing_branches": [[212, 213], [212, 223], [216, 217], [216, 219], [227, 228], [227, 261], [247, 227], [247, 248], [251, 252], [251, 254], [254, 247], [254, 255], [263, 264], [263, 299], [285, 263], [285, 286], [290, 291], [290, 293], [301, 302], [301, 326], [306, 308], [306, 317], [311, 306], [311, 312], [312, 306], [312, 313]]}, "get_node_shape_details_table": {"executed_lines": [], "summary": {"covered_lines": 0, "num_statements": 77, "percent_covered": 0.0, "percent_covered_display": "0", "missing_lines": 77, "excluded_lines": 0, "percent_statements_covered": 0.0, "percent_statements_covered_display": "0", "num_branches": 30, "num_partial_branches": 0, "covered_branches": 0, "missing_branches": 30, "percent_branches_covered": 0.0, "percent_branches_covered_display": "0"}, "missing_lines": [350, 367, 368, 369, 370, 372, 374, 375, 376, 379, 380, 382, 383, 384, 385, 387, 397, 398, 399, 411, 412, 413, 415, 416, 417, 418, 419, 422, 423, 424, 426, 427, 429, 430, 431, 433, 449, 450, 451, 452, 454, 455, 456, 457, 458, 460, 461, 462, 464, 465, 466, 468, 469, 470, 473, 474, 475, 476, 478, 479, 480, 481, 483, 484, 486, 487, 489, 490, 491, 494, 495, 496, 500, 511, 513, 514, 515], "exclu
[...]
overed": 100.0, "percent_branches_covered_display": "100"}, "missing_lines": [], "excluded_lines": [], "start_line": 21, "executed_branches": [], "missing_branches": []}, "TestGetViolationsPerPath": {"executed_lines": [109, 124, 126, 127, 133, 137, 139, 143, 162, 165], "summary": {"covered_lines": 10, "num_statements": 14, "percent_covered": 71.42857142857143, "percent_covered_display": "71", "missing_lines": 4, "excluded_lines": 0, "percent_statements_covered": 71.42857142857143, "percent_statements_covered_display": "71", "num_branches": 0, "num_partial_branches": 0, "covered_branches": 0, "missing_branches": 0, "percent_branches_covered": 100.0, "percent_branches_covered_display": "100"}, "missing_lines": [128, 129, 166, 167], "excluded_lines": [], "start_line": 104, "executed_branches": [], "missing_branches": []}, "TestGetViolationsPerFocusNode": {"executed_lines": [175, 190, 192, 193, 198, 202, 204, 208, 212, 217, 218], "summary": {"covered_lines": 11, "num_statements": 12, "percent_covered": 91.66666666666667, "percent_covered_display": "92", "missing_lines": 1, "excluded_lines": 0, "percent_statements_covered": 91.66666666666667, "percent_statements_covered_display": "92", "num_branches": 0, "num_partial_branches": 0, "covered_branches": 0, "missing_branches": 0, "percent_branches_covered": 100.0, "percent_branches_covered_display": "100"}, "missing_lines": [194], "excluded_lines": [], "start_line": 170, "executed_branches": [], "missing_branches": []}, "": {"executed_lines": [5, 6, 7, 14, 15, 17, 18, 21, 24, 66, 76, 104, 107, 131, 141, 170, 173, 196, 206], "summary": {"covered_lines": 19, "num_statements": 19, "percent_covered": 100.0, "percent_covered_display": "100", "missing_lines": 0, "excluded_lines": 0, "percent_statements_covered": 100.0, "percent_statements_covered_display": "100", "num_branches": 0, "num_partial_branches": 0, "covered_branches": 0, "missing_branches": 0, "percent_branches_covered": 100.0, "percent_branches_covered_display": "100"}, "missing_lines": [], "excluded_lines": [], "start_line": 1, "executed_branches": [], "missing_branches": []}}}, "tests\\test_virtuoso_database.py": {"executed_lines": [5, 6, 7, 8, 14, 17, 19, 20, 22, 23, 25, 27, 28, 30, 31, 33, 34, 36, 38, 45, 46, 48, 49, 51, 53, 54, 61, 64, 65, 67, 73, 76, 77, 78, 79, 81, 82, 84, 89], "summary": {"covered_lines": 39, "num_statements": 39, "percent_covered": 100.0, "percent_covered_display": "100", "missing_lines": 0, "excluded_lines": 0, "percent_statements_covered": 100.0, "percent_statements_covered_display": "100", "num_branches": 0, "num_partial_branches": 0, "covered_branches": 0, "missing_branches": 0, "percent_branches_covered": 100.0, "percent_branches_covered_display": "100"}, "missing_lines": [], "excluded_lines": [], "executed_branches": [], "missing_branches": [], "functions": {"TestLoadGraphs.test_validates_arguments_are_strings": {"executed_lines": [19, 20, 22, 23], "summary": {"covered_lines": 4, "num_statements": 4, "percent_covered": 100.0, "percent_covered_display": "100", "missing_lines": 0, "excluded_lines": 0, "percent_statements_covered": 100.0, "percent_statements_covered_display": "100", "num_branches": 0, "num_partial_branches": 0, "covered_branches": 0, "missing_branches": 0, "percent_branches_covered": 100.0, "percent_branches_covered_display": "100"}, "missing_lines": [], "excluded_lines": [], "start_line": 17, "executed_branches": [], "missing_branches": []}, "TestLoadGraphs.test_validates_arguments_not_empty": {"executed_lines": [27, 28, 30, 31], "summary": {"covered_lines": 4, "num_statements": 4, "percent_covered": 100.0, "percent_covered_display": "100", "missing_lines": 0, "excluded_lines": 0, "percent_statements_covered": 100.0, "percent_statements_covered_display": "100", "num_branches": 0, "num_partial_branches": 0, "covered_branches": 0, "missing_branches": 0, "percent_branches_covered": 100.0, "percent_branches_covered_display": "100"}, "missing_lines": [], "excluded_lines": [], "start_line": 25, "executed_branches": [], "missing_branches": []}, "TestLoadGraphs.test_clears_graphs_before_loading": {"executed_lines": [36, 38, 45, 46], "summary": {"covered_lines": 4, "num_statements": 4, "percent_covered": 100.0, "percent_covered_display": "100", "missing_lines": 0, "excluded_lines": 0, "percent_statements_covered": 100.0, "percent_statements_covered_display": "100", "num_branches": 0, "num_partial_branches": 0, "covered_branches": 0, "missing_branches": 0, "percent_branches_covered": 100.0, "percent_branches_covered_display": "100"}, "missing_lines": [], "excluded_lines": [], "start_line": 34, "executed_branches": [], "missing_branches": []}, "TestLoadGraphs.test_handles_subprocess_error": {"executed_lines": [51, 53, 54], "summary": {"covered_lines": 3, "num_statements": 3, "percent_covered": 100.0, "percent_covered_display": "100", "missing_lines": 0, "excluded_lines": 0, "percent_statements_covered": 100.0, "percent_statements_covered_display": "100", "num_branches": 0, "num_partial_branches": 0, "covered_branches": 0, "missing_branches": 0, "percent_branches_covered": 100.0, "percent_branches_covered_display": "100"}, "missing_lines": [], "excluded_lines": [], "start_line": 49, "executed_branches": [], "missing_branches": []}, "TestClearGraphsOnly.test_executes_isql_test_command": {"executed_lines": [67, 73, 76, 77, 78, 79], "summary": {"covered_lines": 6, "num_statements": 6, "percent_covered": 100.0, "percent_covered_display": "100", "missing_lines": 0, "excluded_lines": 0, "percent_statements_covered": 100.0, "percent_statements_covered_display": "100", "num_branches": 0, "num_partial_branches": 0, "covered_branches": 0, "missing_branches": 0, "percent_branches_covered": 100.0, "percent_branches_covered_display": "100"}, "missing_lines": [], "excluded_lines": [], "start_line": 65, "executed_branches": [], "missing_branches": []}, "TestClearGraphsOnly.test_handles_isql_failure": {"executed_lines": [84, 89], "summary": {"covered_lines": 2, "num_statements": 2, "percent_covered": 100.0, "percent_covered_display": "100", "missing_lines": 0, "excluded_lines": 0, "percent_statements_covered": 100.0, "percent_statements_covered_display": "100", "num_branches": 0, "num_partial_branches": 0, "covered_branches": 0, "missing_branches": 0, "percent_branches_covered": 100.0, "percent_branches_covered_display": "100"}, "missing_lines": [], "excluded_lines": [], "start_line": 82, "executed_branches": [], "missing_branches": []}, "": {"executed_lines": [5, 6, 7, 8, 14, 17, 25, 33, 34, 48, 49, 61, 64, 65, 81, 82], "summary": {"covered_lines": 16, "num_statements": 16, "percent_covered": 100.0, "percent_covered_display": "100", "missing_lines": 0, "excluded_lines": 0, "percent_statements_covered": 100.0, "percent_statements_covered_display": "100", "num_branches": 0, "num_partial_branches": 0, "covered_branches": 0, "missing_branches": 0, "percent_branches_covered": 100.0, "percent_branches_covered_display": "100"}, "missing_lines": [], "excluded_lines": [], "start_line": 1, "executed_branches": [], "missing_branches": []}}, "classes": {"TestLoadGraphs": {"executed_lines": [19, 20, 22, 23, 27, 28, 30, 31, 36, 38, 45, 46, 51, 53, 54], "summary": {"covered_lines": 15, "num_statements": 15, "percent_covered": 100.0, "percent_covered_display": "100", "missing_lines": 0, "excluded_lines": 0, "percent_statements_covered": 100.0, "percent_statements_covered_display": "100", "num_branches": 0, "num_partial_branches": 0, "covered_branches": 0, "missing_branches": 0, "percent_branches_covered": 100.0, "percent_branches_covered_display": "100"}, "missing_lines": [], "excluded_lines": [], "start_line": 14, "executed_branches": [], "missing_branches": []}, "TestClearGraphsOnly": {"executed_lines": [67, 73, 76, 77, 78, 79, 84, 89], "summary": {"covered_lines": 8, "num_statements": 8, "percent_covered": 100.0, "percent_covered_display": "100", "missing_lines": 0, "excluded_lines": 0, "percent_statements_covered": 100.0, "percent_statements_covered_display": "100", "num_branches": 0, "num_partial_branches": 0, "covered_branches": 0, "missing_branches": 0, "percent_branches_covered": 100.0, "percent_branches_covered_display": "100"}, "missing_lines": [], "excluded_lines": [], "start_line": 61, "executed_branches": [], "missing_branches": []}, "": {"executed_lines": [5, 6, 7, 8, 14, 17, 25, 33, 34, 48, 49, 61, 64, 65, 81, 82], "summary": {"covered_lines": 16, "num_statements": 16, "percent_covered": 100.0, "percent_covered_display": "100", "missing_lines": 0, "excluded_lines": 0, "percent_statements_covered": 100.0, "percent_statements_covered_display": "100", "num_branches": 0, "num_partial_branches": 0, "covered_branches": 0, "missing_branches": 0, "percent_branches_covered": 100.0, "percent_branches_covered_display": "100"}, "missing_lines": [], "excluded_lines": [], "start_line": 1, "executed_branches": [], "missing_branches": []}}}, "validators.py": {"executed_lines": [26, 27, 28, 31, 33, 36, 39, 41, 42, 44, 45, 48, 49, 50, 53, 57, 58, 59, 62, 63, 66, 67, 68, 70, 73, 76, 77, 79, 80, 82, 84, 87, 90, 92, 93, 95, 96, 99, 103, 104, 105, 107, 110, 137, 138, 139, 140, 141, 142, 143, 146, 165, 166, 167, 168, 169, 170, 171, 174, 193, 194, 195, 196, 197, 198, 199, 202, 223, 224, 226, 227, 229, 230, 232, 235, 255, 256, 258, 259, 261, 262, 264], "summary": {"covered_lines": 82, "num_statements": 84, "percent_covered": 96.49122807017544, "percent_covered_display": "96", "missing_lines": 2, "excluded_lines": 0, "percent_statements_covered": 97.61904761904762, "percent_statements_covered_display": "98", "num_branches": 30, "num_partial_branches": 2, "covered_branches": 28, "missing_branches": 2, "percent_branches_covered": 93.33333333333333, "percent_branches_covered_display": "93"}, "missing_lines": [83, 100], "excluded_lines": [], "executed_branches": [[44, 45], [44, 48], [49, 50], [49, 53], [58, 59], [58, 62], [62, 63], [62, 66], [67, 68], [67, 70], [82, 84], [95, 96], [95, 99], [99, 103], [104, 105], [104, 107], [223, 224], [223, 226], [226, 227], [226, 229], [229, 230], [229, 232], [255, 256], [255, 258], [258, 259], [258, 261], [261, 262], [261, 264]], "missing_branches": [[82, 83], [99, 100]], "functions": {"GraphUriModel.validate_uri_format": {"executed_lines": [44, 45, 48, 49, 50, 53, 57, 58, 59, 62, 63, 66, 67, 68, 70], "summary": {"covered_lines": 15, "num_statements": 15, "percent_covered": 100.0, "percent_covered_display": "100", "missing_lines": 0, "excluded_lines": 0, "percent_statements_covered": 100.0, "percent_statements_covered_display": "100", "num_branches": 10, "num_partial_branches": 0, "covered_branches": 10, "missing_branches": 0, "percent_branches_covered": 100.0, "percent_branches_covered_display": "100"}, "missing_lines": [], "excluded_lines": [], "start_line": 42, "executed_branches": [[44, 45], [44, 48], [49, 50], [49, 53], [58, 59], [58, 62], [62, 63], [62, 66], [67, 68], [67, 70]], "missing_branches": []}, "LimitOffsetModel.validate_limit": {"executed_lines": [82, 84], "summary": {"covered_lines": 2, "num_statements": 3, "percent_covered": 60.0, "percent_covered_display": "60", "missing_lines": 1, "excluded_lines": 0, "percent_statements_covered": 66.66666666666667, "percent_statements_covered_display": "67", "num_branches": 2, "num_partial_branches": 1, "covered_branches": 1, "missing_branches": 1, "percent_branches_covered": 50.0, "percent_branches_covered_display": "50"}, "missing_lines": [83], "excluded_lines": [], "start_line": 80, "executed_branches": [[82, 84]], "missing_branches": [[82, 83]]}, "NodeShapeNameModel.validate_node_shape_uri": {"executed_lines": [95, 96, 99, 103, 104, 105, 107], "summary": {"covered_lines": 7, "num_statements": 8, "percent_covered": 85.71428571428571, "percent_covered_display": "86", "missing_lines": 1, "excluded_lines": 0, "percent_statements_covered": 87.5, "percent_statements_covered_display": "88", "num_branches": 6, "num_partial_branches": 1, "covered_branches": 5, "missing_branches": 1, "percent_branches_covered": 83.33333333333333, "percent_branches_covered_display": "83"}, "missing_lines": [100], "excluded_lines": [], "start_line": 93, "executed_branches": [[95, 96], [95, 99], [99, 103], [104, 105], [104, 107]], "missing_branches": [[99, 100]]}, "validate_graph_uri": {"executed_lines": [137, 138, 139, 140, 141, 142, 143], "summary": {"covered_lines": 7, "num_statements": 7, "percent_covered": 100.0, "percent_covered_display": "100", "missing_lines": 0, "excluded_lines": 0, "percent_statements_covered": 100.0, "percent_statements_covered_display": "100", "num_branches": 0, "num_partial_branches": 0, "covered_branches": 0, "missing_branches": 0, "percent_branches_covered": 100.0, "percent_branches_covered_display": "100"}, "missing_lines": [], "excluded_lines": [], "start_line": 110, "executed_branches": [], "missing_branches": []}, "validate_limit_offset": {"executed_lines": [165, 166, 167, 168, 169, 170, 171], "summary": {"covered_lines": 7, "num_statements": 7, "percent_covered": 100.0, "percent_covered_display": "100", "missing_lines": 0, "excluded_lines": 0, "percent_statements_covered": 100.0, "percent_statements_covered_display": "100", "num_branches": 0, "num_partial_branches": 0, "covered_branches": 0, "missing_branches": 0, "percent_branches_covered": 100.0, "percent_branches_covered_display": "100"}, "missing_lines": [], "excluded_lines": [], "start_line": 146, "executed_branches": [], "missing_branches": []}, "validate_node_shape_uri": {"executed_lines": [193, 194, 195, 196, 197, 198, 199], "summary": {"covered_lines": 7, "num_statements": 7, "percent_covered": 100.0, "percent_covered_display": "100", "missing_lines": 0, "excluded_lines": 0, "percent_statements_covered": 100.0, "percent_statements_covered_display": "100", "num_branches": 0, "num_partial_branches": 0, "covered_branches": 0, "missing_branches": 0, "percent_branches_covered": 100.0, "percent_branches_covered_display": "100"}, "missing_lines": [], "excluded_lines": [], "start_line": 174, "executed_branches": [], "missing_branches": []}, "validate_positive_int": {"executed_lines": [223, 224, 226, 227, 229, 230, 232], "summary": {"covered_lines": 7, "num_statements": 7, "percent_covered": 100.0, "percent_covered_display": "100", "missing_lines": 0, "excluded_lines": 0, "percent_statements_covered": 100.0, "percent_statements_covered_display": "100", "num_branches": 6, "num_partial_branches": 0, "covered_branches": 6, "missing_branches": 0, "percent_branches_covered": 100.0, "percent_branches_covered_display": "100"}, "missing_lines": [], "excluded_lines": [], "start_line": 202, "executed_branches": [[223, 224], [223, 226], [226, 227], [226, 229], [229, 230], [229, 232]], "missing_branches": []}, "validate_non_empty_string": {"executed_lines": [255, 256, 258, 259, 261, 262, 264], "summary": {"covered_lines": 7, "num_statements": 7, "percent_covered": 100.0, "percent_covered_display": "100", "missing_lines": 0, "excluded_lines": 0, "percent_statements_covered": 100.0, "percent_statements_covered_display": "100", "num_branches": 6, "num_partial_branches": 0, "covered_branches": 6, "missing_branches": 0, "percent_branches_covered": 100.0, "percent_branches_covered_display": "100"}, "missing_lines": [], "excluded_lines": [], "start_line": 235, "executed_branches": [[255, 256], [255, 258], [258, 259], [258, 261], [261, 262], [261, 264]], "missing_branches": []}, "": {"executed_lines": [26, 27, 28, 31, 33, 36, 39, 41, 42, 73, 76, 77, 79, 80, 87, 90, 92, 93, 110, 146, 174, 202, 235], "summary": {"covered_lines": 23, "num_statements": 23, "percent_covered": 100.0, "percent_covered_display": "100", "missing_lines": 0, "excluded_lines": 0, "percent_statements_covered": 100.0, "percent_statements_covered_display": "100", "num_branches": 0, "num_partial_branches": 0, "covered_branches": 0, "missing_branches": 0, "percent_branches_covered": 100.0, "percent_branches_covered_display": "100"}, "missing_lines": [], "excluded_lines": [], "start_line": 1, "executed_branches": [], "missing_branches": []}}, "classes": {"ValidationError": {"executed_lines": [], "summary": {"covered_lines": 0, "num_statements": 0, "percent_covered": 100.0, "percent_covered_display": "100", "missing_lines": 0, "excluded_lines": 0, "percent_statements_covered": 100.0, "percent_statements_covered_display": "100", "num_branches": 0, "num_partial_branches": 0, "covered_branches": 0, "missing_branches": 0, "percent_branches_covered": 100.0, "percent_branches_covered_display": "100"}, "missing_lines": [], "excluded_lines": [], "start_line": 31, "executed_branches": [], "missing_branches": []}, "GraphUriModel": {"executed_lines": [44, 45, 48, 49, 50, 53, 57, 58, 59, 62, 63, 66, 67, 68, 70], "summary": {"covered_lines": 15, "num_statements": 15, "percent_covered": 100.0, "percent_covered_display": "100", "missing_lines": 0, "excluded_lines": 0, "percent_statements_covered": 100.0, "percent_statements_covered_display": "100", "num_branches": 10, "num_partial_branches": 0, "covered_branches": 10, "missing_branches": 0, "percent_branches_covered": 100.0, "percent_branches_covered_display": "100"}, "missing_lines": [], "excluded_lines": [], "start_line": 36, "executed_branches": [[44, 45], [44, 48], [49, 50], [49, 53], [58, 59], [58, 62], [62, 63], [62, 66], [67, 68], [67, 70]], "missing_branches": []}, "LimitOffsetModel": {"executed_lines": [82, 84], "summary": {"covered_lines": 2, "num_statements": 3, "percent_covered": 60.0, "percent_covered_display": "60", "missing_lines": 1, "excluded_lines": 0, "percent_statements_covered": 66.66666666666667, "percent_statements_covered_display": "67", "num_branches": 2, "num_partial_branches": 1, "covered_branches": 1, "missing_branches": 1, "percent_branches_covered": 50.0, "percent_branches_covered_display": "50"}, "missing_lines": [83], "excluded_lines": [], "start_line": 73, "executed_branches": [[82, 84]], "missing_branches": [[82, 83]]}, "NodeShapeNameModel": {"executed_lines": [95, 96, 99, 103, 104, 105, 107], "summary": {"covered_lines": 7, "num_statements": 8, "percent_covered": 85.71428571428571, "percent_covered_display": "86", "missing_lines": 1, "excluded_lines": 0, "percent_statements_covered": 87.5, "percent_statements_covered_display": "88", "num_branches": 6, "num_partial_branches": 1, "covered_branches": 5, "missing_branches": 1, "percent_branches_covered": 83.33333333333333, "percent_branches_covered_display": "83"}, "missing_lines": [100], "excluded_lines": [], "start_line": 87, "executed_branches": [[95, 96], [95, 99], [99, 103], [104, 105], [104, 107]], "missing_branches": [[99, 100]]}, "": {"executed_lines": [26, 27, 28, 31, 33, 36, 39, 41, 42, 73, 76, 77, 79, 80, 87, 90, 92, 93, 110, 137, 138, 139, 140, 141, 142, 143, 146, 165, 166, 167, 168, 169, 170, 171, 174, 193, 194, 195, 196, 197, 198, 199, 202, 223, 224, 226, 227, 229, 230, 232, 235, 255, 256, 258, 259, 261, 262, 264], "summary": {"covered_lines": 58, "num_statements": 58, "percent_covered": 100.0, "percent_covered_display": "100", "missing_lines": 0, "excluded_lines": 0, "percent_statements_covered": 100.0, "percent_statements_covered_display": "100", "num_branches": 12, "num_partial_branches": 0, "covered_branches": 12, "missing_branches": 0, "percent_branches_covered": 100.0, "percent_branches_covered_display": "100"}, "missing_lines": [], "excluded_lines": [], "start_line": 1, "executed_branches": [[223, 224], [223, 226], [226, 227], [226, 229], [229, 230], [229, 232], [255, 256], [255, 258], [258, 259], [258, 261], [261, 262], [261, 264]], "missing_branches": []}}}}, "totals": {"covered_lines": 2324, "num_statements": 3830, "percent_covered": 56.44646924829157, "percent_covered_display": "56", "missing_lines": 1506, "excluded_lines": 1, "percent_statements_covered": 60.67885117493473, "percent_statements_covered_display": "61", "num_branches": 560, "num_partial_branches": 40, "covered_branches": 154, "missing_branches": 406, "percent_branches_covered": 27.5, "percent_branches_covered_display": "28"}}